#
# A fatal error has been detected by the Java Runtime Environment:
#
#  EXCEPTION_ACCESS_VIOLATION (0xc0000005) at pc=0x00007ff84eb1dfc2, pid=24336, tid=18264
#
# JRE version: Java(TM) SE Runtime Environment (17.0.12+8) (build 17.0.12+8-LTS-286)
# Java VM: Java HotSpot(TM) 64-Bit Server VM (17.0.12+8-LTS-286, mixed mode, sharing, tiered, compressed oops, compressed class ptrs, g1 gc, windows-amd64)
# Problematic frame:
# V  [jvm.dll+0x32dfc2]
#
# No core dump will be written. Minidumps are not enabled by default on client versions of Windows
#
# If you would like to submit a bug report, please visit:
#   https://bugreport.java.com/bugreport/crash.jsp
#

---------------  S U M M A R Y ------------

Command Line: -Dclassworlds.conf=C:\Program Files\Java\apache-maven-3.9.1\bin\m2.conf -Dmaven.home=C:\Program Files\Java\apache-maven-3.9.1 -Dlibrary.jansi.path=C:\Program Files\Java\apache-maven-3.9.1\lib\jansi-native -Dmaven.multiModuleProjectDirectory=C:\Users\Claudia\Documents\c23-63-webapp\social_media-backend org.codehaus.plexus.classworlds.launcher.Launcher clean install

Host: 12th Gen Intel(R) Core(TM) i5-12400, 12 cores, 15G,  Windows 11 , 64 bit Build 22621 (10.0.22621.4391)
Time: Fri Jan 31 20:49:14 2025 Hora estándar de Argentina elapsed time: 2.079233 seconds (0d 0h 0m 2s)

---------------  T H R E A D  ---------------

Current thread (0x000001ba4bc39a60):  JavaThread "C2 CompilerThread2" daemon [_thread_in_native, id=18264, stack(0x000000af9ec00000,0x000000af9ed00000)]


Current CompileTask:
C2:   2079 5323   !   4       jdk.nio.zipfs.ZipFileSystem::iteratorOf (150 bytes)

Stack: [0x000000af9ec00000,0x000000af9ed00000],  sp=0x000000af9ecfb6a0,  free space=1005k
Native frames: (J=compiled Java code, j=interpreted, Vv=VM code, C=native code)
V  [jvm.dll+0x32dfc2]
V  [jvm.dll+0x32ebf3]
V  [jvm.dll+0x32c0f7]
V  [jvm.dll+0x32b8ca]
V  [jvm.dll+0x21683f]
V  [jvm.dll+0x215c6f]
V  [jvm.dll+0x1a2960]
V  [jvm.dll+0x22610b]
V  [jvm.dll+0x2242ab]
V  [jvm.dll+0x79075c]
V  [jvm.dll+0x78abea]
V  [jvm.dll+0x678f35]
C  [ucrtbase.dll+0x29333]
C  [KERNEL32.DLL+0x1259d]
C  [ntdll.dll+0x5af38]


siginfo: EXCEPTION_ACCESS_VIOLATION (0xc0000005), reading address 0x0000000000000020


Registers:
RAX=0x0000000000000000, RBX=0x000000af9ecfbc20, RCX=0x000001ba4d35fda8, RDX=0x000001ba4c86e1a8
RSP=0x000000af9ecfb6a0, RBP=0x000001ba4c86e1a8, RSI=0x0000000000000000, RDI=0x000001ba4d35fda8
R8 =0x0000000000000001, R9 =0x000001ba4be6d500, R10=0x000001ba4be6d508, R11=0x0000000000000000
R12=0x000001ba4b780460, R13=0x000000af9ecfb7e8, R14=0x000000af9ecfbc20, R15=0x000000000000015e
RIP=0x00007ff84eb1dfc2, EFLAGS=0x0000000000010206


Register to memory mapping:

RIP=0x00007ff84eb1dfc2 jvm.dll
RAX=0x0 is NULL
RBX=0x000000af9ecfbc20 is pointing into the stack for thread: 0x000001ba4bc39a60
RCX=0x000001ba4d35fda8 points into unknown readable memory: 0x0000000000000000 | 00 00 00 00 00 00 00 00
RDX=0x000001ba4c86e1a8 points into unknown readable memory: 0x00007ff84f0ad010 | 10 d0 0a 4f f8 7f 00 00
RSP=0x000000af9ecfb6a0 is pointing into the stack for thread: 0x000001ba4bc39a60
RBP=0x000001ba4c86e1a8 points into unknown readable memory: 0x00007ff84f0ad010 | 10 d0 0a 4f f8 7f 00 00
RSI=0x0 is NULL
RDI=0x000001ba4d35fda8 points into unknown readable memory: 0x0000000000000000 | 00 00 00 00 00 00 00 00
R8 =0x0000000000000001 is an unknown value
R9 =0x000001ba4be6d500 points into unknown readable memory: 0x000001ba4bff9c90 | 90 9c ff 4b ba 01 00 00
R10=0x000001ba4be6d508 points into unknown readable memory: 0x000001ba4bffa168 | 68 a1 ff 4b ba 01 00 00
R11=0x0 is NULL
R12=0x000001ba4b780460 points into unknown readable memory: 0x000001ba4d069cb8 | b8 9c 06 4d ba 01 00 00
R13=0x000000af9ecfb7e8 is pointing into the stack for thread: 0x000001ba4bc39a60
R14=0x000000af9ecfbc20 is pointing into the stack for thread: 0x000001ba4bc39a60
R15=0x000000000000015e is an unknown value


Top of Stack: (sp=0x000000af9ecfb6a0)
0x000000af9ecfb6a0:   0000000000000161 000000af9ecfbc20
0x000000af9ecfb6b0:   000000af9ecfb7e8 000001ba4b780460
0x000000af9ecfb6c0:   000001ba4c86e1a8 00007ff84eb1ebf3
0x000000af9ecfb6d0:   000000af9ecfbc20 000000000000003a
0x000000af9ecfb6e0:   0000000000000001 000000000000000d
0x000000af9ecfb6f0:   00000d9c0000015e 000001ba4b780460
0x000000af9ecfb700:   0000000000000000 000000000000001f
0x000000af9ecfb710:   000001ba4beaf080 0000000000000000
0x000000af9ecfb720:   000001ba4b7f2eb8 000001ba4b7ec6a0
0x000000af9ecfb730:   000000af9ecfbc20 0000000000000ae0
0x000000af9ecfb740:   000000af9ecfb850 00007ff84eb1c0f7
0x000000af9ecfb750:   000001ba4bc35dc8 000000000000011b
0x000000af9ecfb760:   000001ba4c86e1a8 00007ff8f6049c18
0x000000af9ecfb770:   000001ba609c0000 000001ba609c0000
0x000000af9ecfb780:   0000000000000acb 0000000000000000
0x000000af9ecfb790:   000000000000001f 000000000000001f 

Instructions: (pc=0x00007ff84eb1dfc2)
0x00007ff84eb1dec2:   0f 85 90 00 00 00 e9 92 00 00 00 83 7e 18 00 76
0x00007ff84eb1ded2:   09 48 8b 46 20 48 8b 08 eb 02 33 c9 8b 41 18 83
0x00007ff84eb1dee2:   f8 01 76 72 4c 8b a4 24 98 00 00 00 44 8d 78 ff
0x00007ff84eb1def2:   bd 08 00 00 00 83 7e 18 00 76 09 48 8b 46 20 48
0x00007ff84eb1df02:   8b 00 eb 02 33 c0 48 8b 40 08 48 8b 0c 28 49 8b
0x00007ff84eb1df12:   44 24 78 8b 51 28 4c 8b 34 d0 8d 47 01 89 44 24
0x00007ff84eb1df22:   38 3b 7c 24 20 72 0c 8b d7 48 8d 4c 24 20 e8 1b
0x00007ff84eb1df32:   23 df ff 48 8b 44 24 30 48 83 c5 08 8b cf 4c 89
0x00007ff84eb1df42:   34 c8 49 83 ef 01 74 06 8b 7c 24 38 eb a7 44 8b
0x00007ff84eb1df52:   a4 24 88 00 00 00 44 89 a6 80 00 00 00 8b 7c 24
0x00007ff84eb1df62:   38 85 ff 0f 85 b5 fe ff ff 4c 8b 74 24 48 48 8b
0x00007ff84eb1df72:   c3 48 8b 74 24 50 48 8b ac 24 90 00 00 00 4c 8b
0x00007ff84eb1df82:   7c 24 40 48 83 c4 58 41 5d 41 5c 5f 5b c3 48 8b
0x00007ff84eb1df92:   c3 48 83 c4 58 41 5d 41 5c 5f 5b c3 cc cc 48 89
0x00007ff84eb1dfa2:   5c 24 10 48 89 6c 24 18 57 48 83 ec 20 48 8b 42
0x00007ff84eb1dfb2:   08 48 8b d9 48 8b ea 48 8b 38 48 8b cf 48 8b 07
0x00007ff84eb1dfc2:   ff 50 20 48 85 c0 0f 84 8e 00 00 00 48 3b c5 0f
0x00007ff84eb1dfd2:   84 85 00 00 00 48 8b 43 78 45 33 c9 8b 57 28 41
0x00007ff84eb1dfe2:   8b c9 4c 8b 14 d0 41 8b 42 48 83 f8 01 74 49 45
0x00007ff84eb1dff2:   8b 5a 28 41 8b db 2b d8 8b cb 41 3b db 73 37 48
0x00007ff84eb1e002:   89 74 24 30 4c 8d 04 dd 00 00 00 00 41 8b 72 18
0x00007ff84eb1e012:   3b ce 73 0a 49 8b 42 20 49 8b 14 00 eb 03 49 8b
0x00007ff84eb1e022:   d1 48 3b d7 74 0b ff c1 49 83 c0 08 41 3b cb 72
0x00007ff84eb1e032:   df 48 8b 74 24 30 2b cb 49 8b 42 40 48 8b 04 c8
0x00007ff84eb1e042:   44 39 48 18 76 07 48 8b 40 20 4c 8b 08 4d 8b c1
0x00007ff84eb1e052:   33 d2 48 8b cd e8 14 b3 d4 ff 48 8b 5c 24 38 48
0x00007ff84eb1e062:   8b 6c 24 40 48 83 c4 20 5f c3 cc cc cc cc 40 53
0x00007ff84eb1e072:   48 83 ec 50 48 89 7c 24 70 33 db 48 8b f9 44 0f
0x00007ff84eb1e082:   29 44 24 20 f2 44 0f 10 05 d1 99 58 00 f2 44 0f
0x00007ff84eb1e092:   5e 41 60 f2 44 0f 59 41 08 f2 44 0f 11 41 08 39
0x00007ff84eb1e0a2:   59 30 7e 69 48 89 6c 24 60 48 89 74 24 68 8b f3
0x00007ff84eb1e0b2:   0f 29 74 24 40 0f 29 7c 24 30 f2 0f 10 3d bc 49 


Stack slot to memory mapping:
stack at sp + 0 slots: 0x0000000000000161 is an unknown value
stack at sp + 1 slots: 0x000000af9ecfbc20 is pointing into the stack for thread: 0x000001ba4bc39a60
stack at sp + 2 slots: 0x000000af9ecfb7e8 is pointing into the stack for thread: 0x000001ba4bc39a60
stack at sp + 3 slots: 0x000001ba4b780460 points into unknown readable memory: 0x000001ba4d069cb8 | b8 9c 06 4d ba 01 00 00
stack at sp + 4 slots: 0x000001ba4c86e1a8 points into unknown readable memory: 0x00007ff84f0ad010 | 10 d0 0a 4f f8 7f 00 00
stack at sp + 5 slots: 0x00007ff84eb1ebf3 jvm.dll
stack at sp + 6 slots: 0x000000af9ecfbc20 is pointing into the stack for thread: 0x000001ba4bc39a60
stack at sp + 7 slots: 0x000000000000003a is an unknown value


---------------  P R O C E S S  ---------------

Threads class SMR info:
_java_thread_list=0x000001ba4bc39120, length=14, elements={
0x000001ba62bb3700, 0x000001ba7fd90800, 0x000001ba7fd91590, 0x000001ba7fda6c80,
0x000001ba7fda9660, 0x000001ba7fda9f30, 0x000001ba7fdad020, 0x000001ba7fdadcd0,
0x000001ba7fdae690, 0x000001ba4b145d70, 0x000001ba4b26a180, 0x000001ba4b26a690,
0x000001ba4ba8ed50, 0x000001ba4bc39a60
}

Java Threads: ( => current thread )
  0x000001ba62bb3700 JavaThread "main" [_thread_in_Java, id=10172, stack(0x000000af9d800000,0x000000af9d900000)]
  0x000001ba7fd90800 JavaThread "Reference Handler" daemon [_thread_blocked, id=23712, stack(0x000000af9df00000,0x000000af9e000000)]
  0x000001ba7fd91590 JavaThread "Finalizer" daemon [_thread_blocked, id=604, stack(0x000000af9e000000,0x000000af9e100000)]
  0x000001ba7fda6c80 JavaThread "Signal Dispatcher" daemon [_thread_blocked, id=9268, stack(0x000000af9e100000,0x000000af9e200000)]
  0x000001ba7fda9660 JavaThread "Attach Listener" daemon [_thread_blocked, id=24056, stack(0x000000af9e200000,0x000000af9e300000)]
  0x000001ba7fda9f30 JavaThread "Service Thread" daemon [_thread_blocked, id=2444, stack(0x000000af9e300000,0x000000af9e400000)]
  0x000001ba7fdad020 JavaThread "Monitor Deflation Thread" daemon [_thread_blocked, id=20920, stack(0x000000af9e400000,0x000000af9e500000)]
  0x000001ba7fdadcd0 JavaThread "C2 CompilerThread0" daemon [_thread_in_native, id=23592, stack(0x000000af9e500000,0x000000af9e600000)]
  0x000001ba7fdae690 JavaThread "C1 CompilerThread0" daemon [_thread_in_native, id=1656, stack(0x000000af9e600000,0x000000af9e700000)]
  0x000001ba4b145d70 JavaThread "Sweeper thread" daemon [_thread_blocked, id=17116, stack(0x000000af9e700000,0x000000af9e800000)]
  0x000001ba4b26a180 JavaThread "Notification Thread" daemon [_thread_blocked, id=16368, stack(0x000000af9e800000,0x000000af9e900000)]
  0x000001ba4b26a690 JavaThread "Common-Cleaner" daemon [_thread_blocked, id=3800, stack(0x000000af9ea00000,0x000000af9eb00000)]
  0x000001ba4ba8ed50 JavaThread "C2 CompilerThread1" daemon [_thread_in_native, id=6684, stack(0x000000af9eb00000,0x000000af9ec00000)]
=>0x000001ba4bc39a60 JavaThread "C2 CompilerThread2" daemon [_thread_in_native, id=18264, stack(0x000000af9ec00000,0x000000af9ed00000)]

Other Threads:
  0x000001ba7fd8a4d0 VMThread "VM Thread" [stack: 0x000000af9de00000,0x000000af9df00000] [id=23844]
  0x000001ba62c3e2b0 WatcherThread [stack: 0x000000af9e900000,0x000000af9ea00000] [id=20456]
  0x000001ba62c21910 GCTaskThread "GC Thread#0" [stack: 0x000000af9d900000,0x000000af9da00000] [id=18752]
  0x000001ba4bd71630 GCTaskThread "GC Thread#1" [stack: 0x000000af9ed00000,0x000000af9ee00000] [id=4612]
  0x000001ba4b28c030 GCTaskThread "GC Thread#2" [stack: 0x000000af9ee00000,0x000000af9ef00000] [id=12788]
  0x000001ba4beb0c80 GCTaskThread "GC Thread#3" [stack: 0x000000af9ef00000,0x000000af9f000000] [id=17388]
  0x000001ba4bd97650 GCTaskThread "GC Thread#4" [stack: 0x000000af9f000000,0x000000af9f100000] [id=24476]
  0x000001ba4be4cca0 GCTaskThread "GC Thread#5" [stack: 0x000000af9f100000,0x000000af9f200000] [id=19188]
  0x000001ba4c1f7380 GCTaskThread "GC Thread#6" [stack: 0x000000af9f200000,0x000000af9f300000] [id=24408]
  0x000001ba4bb27f40 GCTaskThread "GC Thread#7" [stack: 0x000000af9f300000,0x000000af9f400000] [id=8792]
  0x000001ba4bf3ca70 GCTaskThread "GC Thread#8" [stack: 0x000000af9f400000,0x000000af9f500000] [id=4632]
  0x000001ba4bf4ca70 GCTaskThread "GC Thread#9" [stack: 0x000000af9f500000,0x000000af9f600000] [id=18840]
  0x000001ba62c32480 ConcurrentGCThread "G1 Main Marker" [stack: 0x000000af9da00000,0x000000af9db00000] [id=7548]
  0x000001ba62c32da0 ConcurrentGCThread "G1 Conc#0" [stack: 0x000000af9db00000,0x000000af9dc00000] [id=7768]
  0x000001ba4c2f7bc0 ConcurrentGCThread "G1 Conc#1" [stack: 0x000000af9f600000,0x000000af9f700000] [id=4988]
  0x000001ba4c2f8f00 ConcurrentGCThread "G1 Conc#2" [stack: 0x000000af9f700000,0x000000af9f800000] [id=20616]
  0x000001ba62c7eab0 ConcurrentGCThread "G1 Refine#0" [stack: 0x000000af9dc00000,0x000000af9dd00000] [id=3328]
  0x000001ba4b516c10 ConcurrentGCThread "G1 Refine#1" [stack: 0x000000af9f800000,0x000000af9f900000] [id=7832]
  0x000001ba4b48e750 ConcurrentGCThread "G1 Refine#2" [stack: 0x000000af9f900000,0x000000af9fa00000] [id=11424]
  0x000001ba4ddc9520 ConcurrentGCThread "G1 Refine#3" [stack: 0x000000af9fa00000,0x000000af9fb00000] [id=4676]
  0x000001ba4b4cde20 ConcurrentGCThread "G1 Refine#4" [stack: 0x000000af9fb00000,0x000000af9fc00000] [id=23852]
  0x000001ba7fc48a60 ConcurrentGCThread "G1 Service" [stack: 0x000000af9dd00000,0x000000af9de00000] [id=4240]

Threads with active compile tasks:
C2 CompilerThread0     2096 5488       4       com.sun.tools.javac.file.BaseFileManager::getKind (55 bytes)
C1 CompilerThread0     2096 5484   !   3       jdk.nio.zipfs.ZipUtils::dosToJavaTime (159 bytes)
C2 CompilerThread1     2096 5109   !   4       com.sun.tools.javac.file.JavacFileManager$ArchiveContainer::walkDirectories (134 bytes)
C2 CompilerThread2     2096 5323   !   4       jdk.nio.zipfs.ZipFileSystem::iteratorOf (150 bytes)

VM state: not at safepoint (normal execution)

VM Mutex/Monitor currently owned by a thread: None

Heap address: 0x0000000702e00000, size: 4050 MB, Compressed Oops mode: Zero based, Oop shift amount: 3

CDS archive(s) mapped at: [0x000001ba06000000-0x000001ba06bd0000-0x000001ba06bd0000), size 12386304, SharedBaseAddress: 0x000001ba06000000, ArchiveRelocationMode: 1.
Compressed class space mapped at: 0x000001ba07000000-0x000001ba47000000, reserved size: 1073741824
Narrow klass base: 0x000001ba06000000, Narrow klass shift: 0, Narrow klass range: 0x100000000

GC Precious Log:
 CPUs: 12 total, 12 available
 Memory: 16193M
 Large Page Support: Disabled
 NUMA Support: Disabled
 Compressed Oops: Enabled (Zero based)
 Heap Region Size: 2M
 Heap Min Capacity: 8M
 Heap Initial Capacity: 254M
 Heap Max Capacity: 4050M
 Pre-touch: Disabled
 Parallel Workers: 10
 Concurrent Workers: 3
 Concurrent Refinement Workers: 10
 Periodic GC: Disabled

Heap:
 garbage-first heap   total 98304K, used 39266K [0x0000000702e00000, 0x0000000800000000)
  region size 2048K, 2 young (4096K), 1 survivors (2048K)
 Metaspace       used 25565K, committed 25920K, reserved 1114112K
  class space    used 2969K, committed 3136K, reserved 1048576K

Heap Regions: E=young(eden), S=young(survivor), O=old, HS=humongous(starts), HC=humongous(continues), CS=collection set, F=free, OA=open archive, CA=closed archive, TAMS=top-at-mark-start (previous, next)
|   0|0x0000000702e00000, 0x0000000703000000, 0x0000000703000000|100%| O|  |TAMS 0x0000000703000000, 0x0000000702e00000| Untracked 
|   1|0x0000000703000000, 0x0000000703000000, 0x0000000703200000|  0%| F|  |TAMS 0x0000000703000000, 0x0000000703000000| Untracked 
|   2|0x0000000703200000, 0x0000000703400000, 0x0000000703400000|100%| O|  |TAMS 0x0000000703200000, 0x0000000703200000| Untracked 
|   3|0x0000000703400000, 0x0000000703600000, 0x0000000703600000|100%|HS|  |TAMS 0x0000000703600000, 0x0000000703400000| Complete 
|   4|0x0000000703600000, 0x0000000703800000, 0x0000000703800000|100%| O|  |TAMS 0x0000000703600000, 0x0000000703600000| Untracked 
|   5|0x0000000703800000, 0x0000000703a00000, 0x0000000703a00000|100%| O|  |TAMS 0x0000000703800000, 0x0000000703800000| Untracked 
|   6|0x0000000703a00000, 0x0000000703c00000, 0x0000000703c00000|100%| O|  |TAMS 0x0000000703a00000, 0x0000000703a00000| Untracked 
|   7|0x0000000703c00000, 0x0000000703e00000, 0x0000000703e00000|100%| O|  |TAMS 0x0000000703c00000, 0x0000000703c00000| Untracked 
|   8|0x0000000703e00000, 0x0000000704000000, 0x0000000704000000|100%| O|  |TAMS 0x0000000703e00000, 0x0000000703e00000| Untracked 
|   9|0x0000000704000000, 0x0000000704200000, 0x0000000704200000|100%| O|  |TAMS 0x0000000704000000, 0x0000000704000000| Untracked 
|  10|0x0000000704200000, 0x0000000704400000, 0x0000000704400000|100%| O|  |TAMS 0x0000000704200000, 0x0000000704200000| Untracked 
|  11|0x0000000704400000, 0x0000000704600000, 0x0000000704600000|100%| O|  |TAMS 0x0000000704400000, 0x0000000704400000| Untracked 
|  12|0x0000000704600000, 0x0000000704600000, 0x0000000704800000|  0%| F|  |TAMS 0x0000000704600000, 0x0000000704600000| Untracked 
|  13|0x0000000704800000, 0x0000000704800000, 0x0000000704a00000|  0%| F|  |TAMS 0x0000000704800000, 0x0000000704800000| Untracked 
|  14|0x0000000704a00000, 0x0000000704a00000, 0x0000000704c00000|  0%| F|  |TAMS 0x0000000704a00000, 0x0000000704a00000| Untracked 
|  15|0x0000000704c00000, 0x0000000704c00000, 0x0000000704e00000|  0%| F|  |TAMS 0x0000000704c00000, 0x0000000704c00000| Untracked 
|  16|0x0000000704e00000, 0x0000000705000000, 0x0000000705000000|100%| O|  |TAMS 0x0000000704e00000, 0x0000000704e00000| Untracked 
|  17|0x0000000705000000, 0x0000000705200000, 0x0000000705200000|100%| O|  |TAMS 0x0000000705000000, 0x0000000705000000| Untracked 
|  18|0x0000000705200000, 0x0000000705400000, 0x0000000705400000|100%| O|  |TAMS 0x0000000705200000, 0x0000000705200000| Untracked 
|  19|0x0000000705400000, 0x00000007054fdc00, 0x0000000705600000| 49%| O|  |TAMS 0x0000000705400000, 0x0000000705400000| Untracked 
|  20|0x0000000705600000, 0x0000000705600000, 0x0000000705800000|  0%| F|  |TAMS 0x0000000705600000, 0x0000000705600000| Untracked 
|  21|0x0000000705800000, 0x0000000705800000, 0x0000000705a00000|  0%| F|  |TAMS 0x0000000705800000, 0x0000000705800000| Untracked 
|  22|0x0000000705a00000, 0x0000000705a00000, 0x0000000705c00000|  0%| F|  |TAMS 0x0000000705a00000, 0x0000000705a00000| Untracked 
|  23|0x0000000705c00000, 0x0000000705c00000, 0x0000000705e00000|  0%| F|  |TAMS 0x0000000705c00000, 0x0000000705c00000| Untracked 
|  24|0x0000000705e00000, 0x0000000705e00000, 0x0000000706000000|  0%| F|  |TAMS 0x0000000705e00000, 0x0000000705e00000| Untracked 
|  25|0x0000000706000000, 0x0000000706000000, 0x0000000706200000|  0%| F|  |TAMS 0x0000000706000000, 0x0000000706000000| Untracked 
|  26|0x0000000706200000, 0x0000000706200000, 0x0000000706400000|  0%| F|  |TAMS 0x0000000706200000, 0x0000000706200000| Untracked 
|  27|0x0000000706400000, 0x0000000706400000, 0x0000000706600000|  0%| F|  |TAMS 0x0000000706400000, 0x0000000706400000| Untracked 
|  28|0x0000000706600000, 0x0000000706600000, 0x0000000706800000|  0%| F|  |TAMS 0x0000000706600000, 0x0000000706600000| Untracked 
|  29|0x0000000706800000, 0x0000000706800000, 0x0000000706a00000|  0%| F|  |TAMS 0x0000000706800000, 0x0000000706800000| Untracked 
|  30|0x0000000706a00000, 0x0000000706a00000, 0x0000000706c00000|  0%| F|  |TAMS 0x0000000706a00000, 0x0000000706a00000| Untracked 
|  31|0x0000000706c00000, 0x0000000706c00000, 0x0000000706e00000|  0%| F|  |TAMS 0x0000000706c00000, 0x0000000706c00000| Untracked 
|  32|0x0000000706e00000, 0x0000000706e00000, 0x0000000707000000|  0%| F|  |TAMS 0x0000000706e00000, 0x0000000706e00000| Untracked 
|  33|0x0000000707000000, 0x0000000707000000, 0x0000000707200000|  0%| F|  |TAMS 0x0000000707000000, 0x0000000707000000| Untracked 
|  34|0x0000000707200000, 0x0000000707200000, 0x0000000707400000|  0%| F|  |TAMS 0x0000000707200000, 0x0000000707200000| Untracked 
|  47|0x0000000708c00000, 0x0000000708c00000, 0x0000000708e00000|  0%| F|  |TAMS 0x0000000708c00000, 0x0000000708c00000| Untracked 
|  48|0x0000000708e00000, 0x0000000708e00000, 0x0000000709000000|  0%| F|  |TAMS 0x0000000708e00000, 0x0000000708e00000| Untracked 
|  49|0x0000000709000000, 0x0000000709000000, 0x0000000709200000|  0%| F|  |TAMS 0x0000000709000000, 0x0000000709000000| Untracked 
|  50|0x0000000709200000, 0x0000000709200000, 0x0000000709400000|  0%| F|  |TAMS 0x0000000709200000, 0x0000000709200000| Untracked 
|  51|0x0000000709400000, 0x0000000709400000, 0x0000000709600000|  0%| F|  |TAMS 0x0000000709400000, 0x0000000709400000| Untracked 
|  52|0x0000000709600000, 0x0000000709600000, 0x0000000709800000|  0%| F|  |TAMS 0x0000000709600000, 0x0000000709600000| Untracked 
|  53|0x0000000709800000, 0x0000000709800000, 0x0000000709a00000|  0%| F|  |TAMS 0x0000000709800000, 0x0000000709800000| Untracked 
|  54|0x0000000709a00000, 0x0000000709b5ade8, 0x0000000709c00000| 67%| S|CS|TAMS 0x0000000709a00000, 0x0000000709a00000| Complete 
| 126|0x0000000712a00000, 0x0000000712bbd378, 0x0000000712c00000| 86%| E|  |TAMS 0x0000000712a00000, 0x0000000712a00000| Complete 
|2021|0x00000007ff800000, 0x00000007ffa00000, 0x00000007ffa00000|100%| O|  |TAMS 0x00000007ff800000, 0x00000007ff800000| Untracked 
|2022|0x00000007ffa00000, 0x00000007ffc00000, 0x00000007ffc00000|100%| O|  |TAMS 0x00000007ffa00000, 0x00000007ffa00000| Untracked 
|2023|0x00000007ffc00000, 0x00000007ffe00000, 0x00000007ffe00000|100%| O|  |TAMS 0x00000007ffc00000, 0x00000007ffc00000| Untracked 
|2024|0x00000007ffe00000, 0x0000000800000000, 0x0000000800000000|100%| O|  |TAMS 0x00000007ffe00000, 0x00000007ffe00000| Untracked 

Card table byte_map: [0x000001ba7a1c0000,0x000001ba7a9b0000] _byte_map_base: 0x000001ba769a9000

Marking Bits (Prev, Next): (CMBitMap*) 0x000001ba62c21e80, (CMBitMap*) 0x000001ba62c21e40
 Prev Bits: [0x000001ba00000000, 0x000001ba03f48000)
 Next Bits: [0x000001ba7b1a0000, 0x000001ba7f0e8000)

Polling page: 0x000001ba60b50000

Metaspace:

Usage:
  Non-class:     22.07 MB used.
      Class:      2.90 MB used.
       Both:     24.97 MB used.

Virtual space:
  Non-class space:       64.00 MB reserved,      22.25 MB ( 35%) committed,  1 nodes.
      Class space:        1.00 GB reserved,       3.06 MB ( <1%) committed,  1 nodes.
             Both:        1.06 GB reserved,      25.31 MB (  2%) committed. 

Chunk freelists:
   Non-Class:  9.72 MB
       Class:  12.92 MB
        Both:  22.64 MB

MaxMetaspaceSize: unlimited
CompressedClassSpaceSize: 1.00 GB
Initial GC threshold: 21.00 MB
Current GC threshold: 35.25 MB
CDS: on
MetaspaceReclaimPolicy: balanced
 - commit_granule_bytes: 65536.
 - commit_granule_words: 8192.
 - virtual_space_node_default_size: 8388608.
 - enlarge_chunks_in_place: 1.
 - new_chunks_are_fully_committed: 0.
 - uncommit_free_chunks: 1.
 - use_allocation_guard: 0.
 - handle_deallocations: 1.


Internal statistics:

num_allocs_failed_limit: 3.
num_arena_births: 164.
num_arena_deaths: 0.
num_vsnodes_births: 2.
num_vsnodes_deaths: 0.
num_space_committed: 405.
num_space_uncommitted: 0.
num_chunks_returned_to_freelist: 3.
num_chunks_taken_from_freelist: 1079.
num_chunk_merges: 3.
num_chunk_splits: 749.
num_chunks_enlarged: 594.
num_inconsistent_stats: 0.

CodeHeap 'non-profiled nmethods': size=120000Kb used=2334Kb max_used=2841Kb free=117665Kb
 bounds [0x000001ba71f40000, 0x000001ba72210000, 0x000001ba79470000]
CodeHeap 'profiled nmethods': size=120000Kb used=9232Kb max_used=11283Kb free=110767Kb
 bounds [0x000001ba6a470000, 0x000001ba6af80000, 0x000001ba719a0000]
CodeHeap 'non-nmethods': size=5760Kb used=1255Kb max_used=1255Kb free=4504Kb
 bounds [0x000001ba719a0000, 0x000001ba71c10000, 0x000001ba71f40000]
 total_blobs=5165 nmethods=4657 adapters=418
 compilation: enabled
              stopped_count=0, restarted_count=0
 full_count=0

Compilation events (20 events):
Event: 2.074 Thread 0x000001ba7fdae690 nmethod 5406 0x000001ba6a47f890 code [0x000001ba6a47fae0, 0x000001ba6a4803c8]
Event: 2.074 Thread 0x000001ba7fdae690 5407       3       jdk.internal.org.objectweb.asm.SymbolTable::<init> (41 bytes)
Event: 2.074 Thread 0x000001ba7fdae690 nmethod 5407 0x000001ba6a6a9910 code [0x000001ba6a6a9ae0, 0x000001ba6a6aa078]
Event: 2.074 Thread 0x000001ba7fdae690 5408       3       com.sun.tools.javac.util.UnsharedNameTable$NameImpl::<init> (16 bytes)
Event: 2.074 Thread 0x000001ba7fdae690 nmethod 5408 0x000001ba6a6ae490 code [0x000001ba6a6ae640, 0x000001ba6a6ae8d8]
Event: 2.074 Thread 0x000001ba7fdae690 5409       3       com.sun.tools.javac.util.Name::<init> (10 bytes)
Event: 2.074 Thread 0x000001ba7fdae690 nmethod 5409 0x000001ba6a993310 code [0x000001ba6a9934a0, 0x000001ba6a993658]
Event: 2.074 Thread 0x000001ba7fdae690 5410       3       com.sun.tools.javac.util.UnsharedNameTable$HashEntry::<init> (6 bytes)
Event: 2.074 Thread 0x000001ba7fdae690 nmethod 5410 0x000001ba6aa85d10 code [0x000001ba6aa85ec0, 0x000001ba6aa86238]
Event: 2.075 Thread 0x000001ba7fdae690 5411       3       java.util.stream.SpinedBuffer::accept (94 bytes)
Event: 2.076 Thread 0x000001ba7fdae690 nmethod 5411 0x000001ba6a6e4d90 code [0x000001ba6a6e4f80, 0x000001ba6a6e5908]
Event: 2.076 Thread 0x000001ba7fdae690 5417       3       jdk.internal.jrtfs.JrtFileSystem::getFileAttributes (42 bytes)
Event: 2.076 Thread 0x000001ba7fdae690 nmethod 5417 0x000001ba6a5bb110 code [0x000001ba6a5bb320, 0x000001ba6a5bb9d8]
Event: 2.076 Thread 0x000001ba7fdae690 5415       3       java.util.stream.SpinedBuffer::clear (88 bytes)
Event: 2.076 Thread 0x000001ba7fdae690 nmethod 5415 0x000001ba6a5e4810 code [0x000001ba6a5e4a00, 0x000001ba6a5e5138]
Event: 2.076 Thread 0x000001ba7fdae690 5418       3       jdk.internal.jrtfs.JrtFileAttributes::<init> (10 bytes)
Event: 2.076 Thread 0x000001ba7fdae690 nmethod 5418 0x000001ba6aa40890 code [0x000001ba6aa40a20, 0x000001ba6aa40bd8]
Event: 2.076 Thread 0x000001ba7fdae690 5419       3       jdk.internal.jrtfs.JrtFileAttributes::isDirectory (8 bytes)
Event: 2.076 Thread 0x000001ba7fdae690 nmethod 5419 0x000001ba6a9cec90 code [0x000001ba6a9cee40, 0x000001ba6a9cf028]
Event: 2.076 Thread 0x000001ba7fdae690 5412       3       jdk.internal.jrtfs.JrtPath::<init> (23 bytes)

GC Heap History (8 events):
Event: 0.307 GC heap before
{Heap before GC invocations=0 (full 0):
 garbage-first heap   total 260096K, used 22528K [0x0000000702e00000, 0x0000000800000000)
  region size 2048K, 11 young (22528K), 0 survivors (0K)
 Metaspace       used 5142K, committed 5312K, reserved 1114112K
  class space    used 617K, committed 704K, reserved 1048576K
}
Event: 0.309 GC heap after
{Heap after GC invocations=1 (full 0):
 garbage-first heap   total 260096K, used 3666K [0x0000000702e00000, 0x0000000800000000)
  region size 2048K, 2 young (4096K), 2 survivors (4096K)
 Metaspace       used 5142K, committed 5312K, reserved 1114112K
  class space    used 617K, committed 704K, reserved 1048576K
}
Event: 0.607 GC heap before
{Heap before GC invocations=1 (full 0):
 garbage-first heap   total 260096K, used 34386K [0x0000000702e00000, 0x0000000800000000)
  region size 2048K, 17 young (34816K), 2 survivors (4096K)
 Metaspace       used 9786K, committed 9984K, reserved 1114112K
  class space    used 1207K, committed 1280K, reserved 1048576K
}
Event: 0.610 GC heap after
{Heap after GC invocations=2 (full 0):
 garbage-first heap   total 260096K, used 5576K [0x0000000702e00000, 0x0000000800000000)
  region size 2048K, 2 young (4096K), 2 survivors (4096K)
 Metaspace       used 9786K, committed 9984K, reserved 1114112K
  class space    used 1207K, committed 1280K, reserved 1048576K
}
Event: 1.734 GC heap before
{Heap before GC invocations=2 (full 0):
 garbage-first heap   total 260096K, used 150984K [0x0000000702e00000, 0x0000000800000000)
  region size 2048K, 72 young (147456K), 2 survivors (4096K)
 Metaspace       used 21231K, committed 21504K, reserved 1114112K
  class space    used 2511K, committed 2688K, reserved 1048576K
}
Event: 1.742 GC heap after
{Heap after GC invocations=3 (full 0):
 garbage-first heap   total 260096K, used 23415K [0x0000000702e00000, 0x0000000800000000)
  region size 2048K, 8 young (16384K), 8 survivors (16384K)
 Metaspace       used 21231K, committed 21504K, reserved 1114112K
  class space    used 2511K, committed 2688K, reserved 1048576K
}
Event: 2.056 GC heap before
{Heap before GC invocations=4 (full 0):
 garbage-first heap   total 90112K, used 64375K [0x0000000702e00000, 0x0000000800000000)
  region size 2048K, 28 young (57344K), 8 survivors (16384K)
 Metaspace       used 25402K, committed 25728K, reserved 1114112K
  class space    used 2950K, committed 3072K, reserved 1048576K
}
Event: 2.070 GC heap after
{Heap after GC invocations=5 (full 0):
 garbage-first heap   total 98304K, used 36800K [0x0000000702e00000, 0x0000000800000000)
  region size 2048K, 4 young (8192K), 4 survivors (8192K)
 Metaspace       used 25402K, committed 25728K, reserved 1114112K
  class space    used 2950K, committed 3072K, reserved 1048576K
}

Deoptimization events (20 events):
Event: 2.041 Thread 0x000001ba62bb3700 Uncommon trap: trap_request=0xffffff45 fr.pc=0x000001ba721f29c4 relative=0x0000000000000144
Event: 2.041 Thread 0x000001ba62bb3700 Uncommon trap: reason=unstable_if action=reinterpret pc=0x000001ba721f29c4 method=jdk.nio.zipfs.ZipPath.getResolved()[B @ 19 c2
Event: 2.041 Thread 0x000001ba62bb3700 DEOPT PACKING pc=0x000001ba721f29c4 sp=0x000000af9d8fc3c0
Event: 2.041 Thread 0x000001ba62bb3700 DEOPT UNPACKING pc=0x000001ba719f23a3 sp=0x000000af9d8fc348 mode 2
Event: 2.070 Thread 0x000001ba62bb3700 Uncommon trap: trap_request=0xfffffff4 fr.pc=0x000001ba721de170 relative=0x0000000000000c10
Event: 2.070 Thread 0x000001ba62bb3700 Uncommon trap: reason=null_check action=make_not_entrant pc=0x000001ba721de170 method=com.sun.tools.javac.util.UnsharedNameTable.fromUtf([BII)Lcom/sun/tools/javac/util/Name; @ 42 c2
Event: 2.070 Thread 0x000001ba62bb3700 DEOPT PACKING pc=0x000001ba721de170 sp=0x000000af9d8fbc70
Event: 2.070 Thread 0x000001ba62bb3700 DEOPT UNPACKING pc=0x000001ba719f23a3 sp=0x000000af9d8fbc28 mode 2
Event: 2.074 Thread 0x000001ba62bb3700 Uncommon trap: trap_request=0xffffff45 fr.pc=0x000001ba721dbb60 relative=0x0000000000000060
Event: 2.074 Thread 0x000001ba62bb3700 Uncommon trap: reason=unstable_if action=reinterpret pc=0x000001ba721dbb60 method=com.sun.tools.javac.jvm.PoolReader.sizeof(I)I @ 1 c2
Event: 2.074 Thread 0x000001ba62bb3700 DEOPT PACKING pc=0x000001ba721dbb60 sp=0x000000af9d8fc610
Event: 2.074 Thread 0x000001ba62bb3700 DEOPT UNPACKING pc=0x000001ba719f23a3 sp=0x000000af9d8fc5a0 mode 2
Event: 2.074 Thread 0x000001ba62bb3700 Uncommon trap: trap_request=0xffffff45 fr.pc=0x000001ba71ffe828 relative=0x00000000000008c8
Event: 2.074 Thread 0x000001ba62bb3700 Uncommon trap: reason=unstable_if action=reinterpret pc=0x000001ba71ffe828 method=jdk.internal.jimage.ImageStringsReader.stringFromByteBuffer(Ljava/nio/ByteBuffer;I)Ljava/lang/String; @ 7 c2
Event: 2.074 Thread 0x000001ba62bb3700 DEOPT PACKING pc=0x000001ba71ffe828 sp=0x000000af9d8fbfb0
Event: 2.074 Thread 0x000001ba62bb3700 DEOPT UNPACKING pc=0x000001ba719f23a3 sp=0x000000af9d8fbe40 mode 2
Event: 2.074 Thread 0x000001ba62bb3700 Uncommon trap: trap_request=0xffffff45 fr.pc=0x000001ba722050e0 relative=0x0000000000000820
Event: 2.074 Thread 0x000001ba62bb3700 Uncommon trap: reason=unstable_if action=reinterpret pc=0x000001ba722050e0 method=jdk.internal.jimage.ImageStringsReader.stringFromByteBuffer(Ljava/nio/ByteBuffer;I)Ljava/lang/String; @ 7 c2
Event: 2.074 Thread 0x000001ba62bb3700 DEOPT PACKING pc=0x000001ba722050e0 sp=0x000000af9d8fbe20
Event: 2.074 Thread 0x000001ba62bb3700 DEOPT UNPACKING pc=0x000001ba719f23a3 sp=0x000000af9d8fbdd8 mode 2

Classes unloaded (0 events):
No events

Classes redefined (0 events):
No events

Internal exceptions (20 events):
Event: 2.043 Thread 0x000001ba62bb3700 Exception <a 'sun/nio/fs/WindowsException'{0x0000000704ee51e8}> (0x0000000704ee51e8) 
thrown [s\open\src\hotspot\share\prims\jni.cpp, line 516]
Event: 2.043 Thread 0x000001ba62bb3700 Exception <a 'sun/nio/fs/WindowsException'{0x0000000704ee5600}> (0x0000000704ee5600) 
thrown [s\open\src\hotspot\share\prims\jni.cpp, line 516]
Event: 2.044 Thread 0x000001ba62bb3700 Exception <a 'java/lang/NoSuchMethodError'{0x0000000704ef90f0}: 'java.lang.Object java.lang.invoke.DirectMethodHandle$Holder.invokeStatic(java.lang.Object, java.lang.Object, int, int)'> (0x0000000704ef90f0) 
thrown [s\open\src\hotspot\share\interpreter\linkResolver.cpp, line 759]
Event: 2.052 Thread 0x000001ba62bb3700 Exception <a 'sun/nio/fs/WindowsException'{0x0000000704f4f660}> (0x0000000704f4f660) 
thrown [s\open\src\hotspot\share\prims\jni.cpp, line 516]
Event: 2.052 Thread 0x000001ba62bb3700 Exception <a 'sun/nio/fs/WindowsException'{0x0000000704f4fa48}> (0x0000000704f4fa48) 
thrown [s\open\src\hotspot\share\prims\jni.cpp, line 516]
Event: 2.053 Thread 0x000001ba62bb3700 Exception <a 'sun/nio/fs/WindowsException'{0x0000000704f61850}> (0x0000000704f61850) 
thrown [s\open\src\hotspot\share\prims\jni.cpp, line 516]
Event: 2.053 Thread 0x000001ba62bb3700 Exception <a 'sun/nio/fs/WindowsException'{0x0000000704f61be0}> (0x0000000704f61be0) 
thrown [s\open\src\hotspot\share\prims\jni.cpp, line 516]
Event: 2.053 Thread 0x000001ba62bb3700 Exception <a 'sun/nio/fs/WindowsException'{0x0000000704f85230}> (0x0000000704f85230) 
thrown [s\open\src\hotspot\share\prims\jni.cpp, line 516]
Event: 2.053 Thread 0x000001ba62bb3700 Exception <a 'sun/nio/fs/WindowsException'{0x0000000704f85610}> (0x0000000704f85610) 
thrown [s\open\src\hotspot\share\prims\jni.cpp, line 516]
Event: 2.053 Thread 0x000001ba62bb3700 Exception <a 'sun/nio/fs/WindowsException'{0x0000000704f86ba0}> (0x0000000704f86ba0) 
thrown [s\open\src\hotspot\share\prims\jni.cpp, line 516]
Event: 2.053 Thread 0x000001ba62bb3700 Exception <a 'sun/nio/fs/WindowsException'{0x0000000704f87010}> (0x0000000704f87010) 
thrown [s\open\src\hotspot\share\prims\jni.cpp, line 516]
Event: 2.054 Thread 0x000001ba62bb3700 Exception <a 'sun/nio/fs/WindowsException'{0x0000000704f8e1d8}> (0x0000000704f8e1d8) 
thrown [s\open\src\hotspot\share\prims\jni.cpp, line 516]
Event: 2.054 Thread 0x000001ba62bb3700 Exception <a 'sun/nio/fs/WindowsException'{0x0000000704f8e5c0}> (0x0000000704f8e5c0) 
thrown [s\open\src\hotspot\share\prims\jni.cpp, line 516]
Event: 2.055 Thread 0x000001ba62bb3700 Exception <a 'sun/nio/fs/WindowsException'{0x0000000704fa82b8}> (0x0000000704fa82b8) 
thrown [s\open\src\hotspot\share\prims\jni.cpp, line 516]
Event: 2.055 Thread 0x000001ba62bb3700 Exception <a 'sun/nio/fs/WindowsException'{0x0000000704fa8648}> (0x0000000704fa8648) 
thrown [s\open\src\hotspot\share\prims\jni.cpp, line 516]
Event: 2.070 Thread 0x000001ba62bb3700 Implicit null exception at 0x000001ba721dd75a to 0x000001ba721de124
Event: 2.071 Thread 0x000001ba62bb3700 Exception <a 'sun/nio/fs/WindowsException'{0x0000000712a04848}> (0x0000000712a04848) 
thrown [s\open\src\hotspot\share\prims\jni.cpp, line 516]
Event: 2.071 Thread 0x000001ba62bb3700 Exception <a 'sun/nio/fs/WindowsException'{0x0000000712a04c28}> (0x0000000712a04c28) 
thrown [s\open\src\hotspot\share\prims\jni.cpp, line 516]
Event: 2.071 Thread 0x000001ba62bb3700 Exception <a 'sun/nio/fs/WindowsException'{0x0000000712a061b8}> (0x0000000712a061b8) 
thrown [s\open\src\hotspot\share\prims\jni.cpp, line 516]
Event: 2.071 Thread 0x000001ba62bb3700 Exception <a 'sun/nio/fs/WindowsException'{0x0000000712a06628}> (0x0000000712a06628) 
thrown [s\open\src\hotspot\share\prims\jni.cpp, line 516]

VM Operations (20 events):
Event: 1.745 Executing VM operation: G1Concurrent
Event: 1.747 Executing VM operation: G1Concurrent done
Event: 1.748 Executing VM operation: G1Concurrent
Event: 1.766 Executing VM operation: G1Concurrent done
Event: 1.990 Executing VM operation: HandshakeAllThreads
Event: 1.990 Executing VM operation: HandshakeAllThreads done
Event: 1.990 Executing VM operation: HandshakeAllThreads
Event: 1.990 Executing VM operation: HandshakeAllThreads done
Event: 2.027 Executing VM operation: HandshakeAllThreads
Event: 2.027 Executing VM operation: HandshakeAllThreads done
Event: 2.034 Executing VM operation: HandshakeAllThreads
Event: 2.034 Executing VM operation: HandshakeAllThreads done
Event: 2.041 Executing VM operation: HandshakeAllThreads
Event: 2.041 Executing VM operation: HandshakeAllThreads done
Event: 2.052 Executing VM operation: ICBufferFull
Event: 2.052 Executing VM operation: ICBufferFull done
Event: 2.056 Executing VM operation: G1CollectForAllocation
Event: 2.070 Executing VM operation: G1CollectForAllocation done
Event: 2.075 Executing VM operation: HandshakeAllThreads
Event: 2.075 Executing VM operation: HandshakeAllThreads done

Events (20 events):
Event: 2.046 Thread 0x000001ba4b145d70 flushing nmethod 0x000001ba6aee5110
Event: 2.046 Thread 0x000001ba4b145d70 flushing nmethod 0x000001ba6aee5710
Event: 2.046 Thread 0x000001ba4b145d70 flushing nmethod 0x000001ba6aee6010
Event: 2.046 Thread 0x000001ba4b145d70 flushing nmethod 0x000001ba6aee7090
Event: 2.046 Thread 0x000001ba4b145d70 flushing nmethod 0x000001ba6aee7590
Event: 2.046 Thread 0x000001ba4b145d70 flushing nmethod 0x000001ba6aee9510
Event: 2.046 Thread 0x000001ba4b145d70 flushing nmethod 0x000001ba6aeea710
Event: 2.046 Thread 0x000001ba4b145d70 flushing nmethod 0x000001ba6aeeaa90
Event: 2.046 Thread 0x000001ba4b145d70 flushing nmethod 0x000001ba6aeeb510
Event: 2.046 Thread 0x000001ba4b145d70 flushing nmethod 0x000001ba6aeec710
Event: 2.046 Thread 0x000001ba4b145d70 flushing nmethod 0x000001ba6aeed290
Event: 2.046 Thread 0x000001ba4b145d70 flushing nmethod 0x000001ba6aef1610
Event: 2.046 Thread 0x000001ba4b145d70 flushing nmethod 0x000001ba6aef6210
Event: 2.046 Thread 0x000001ba4b145d70 flushing nmethod 0x000001ba6aef7410
Event: 2.046 Thread 0x000001ba4b145d70 flushing nmethod 0x000001ba6aef8490
Event: 2.046 Thread 0x000001ba4b145d70 flushing nmethod 0x000001ba6aefc190
Event: 2.046 Thread 0x000001ba4b145d70 flushing nmethod 0x000001ba6af07d10
Event: 2.046 Thread 0x000001ba4b145d70 flushing nmethod 0x000001ba6af10110
Event: 2.075 loading class jdk/internal/jimage/ImageReader$LinkNode
Event: 2.075 loading class jdk/internal/jimage/ImageReader$LinkNode done


Dynamic libraries:
0x00007ff7ff800000 - 0x00007ff7ff810000 	C:\Program Files\Java\jdk-17\bin\java.exe
0x00007ff8f6010000 - 0x00007ff8f6227000 	C:\WINDOWS\SYSTEM32\ntdll.dll
0x00007ff8f5ac0000 - 0x00007ff8f5b84000 	C:\WINDOWS\System32\KERNEL32.DLL
0x00007ff8f34e0000 - 0x00007ff8f389a000 	C:\WINDOWS\System32\KERNELBASE.dll
0x00007ff8f32d0000 - 0x00007ff8f33e1000 	C:\WINDOWS\System32\ucrtbase.dll
0x00007ff8ee640000 - 0x00007ff8ee659000 	C:\Program Files\Java\jdk-17\bin\jli.dll
0x00007ff8ee620000 - 0x00007ff8ee63b000 	C:\Program Files\Java\jdk-17\bin\VCRUNTIME140.dll
0x00007ff8f5b90000 - 0x00007ff8f5c42000 	C:\WINDOWS\System32\ADVAPI32.dll
0x00007ff8f58e0000 - 0x00007ff8f5987000 	C:\WINDOWS\System32\msvcrt.dll
0x00007ff8f5a10000 - 0x00007ff8f5ab7000 	C:\WINDOWS\System32\sechost.dll
0x00007ff8f3c50000 - 0x00007ff8f3c78000 	C:\WINDOWS\System32\bcrypt.dll
0x00007ff8f4610000 - 0x00007ff8f4724000 	C:\WINDOWS\System32\RPCRT4.dll
0x00007ff8f5730000 - 0x00007ff8f58de000 	C:\WINDOWS\System32\USER32.dll
0x00007ff8f33f0000 - 0x00007ff8f3416000 	C:\WINDOWS\System32\win32u.dll
0x00007ff8e7010000 - 0x00007ff8e72a2000 	C:\WINDOWS\WinSxS\amd64_microsoft.windows.common-controls_6595b64144ccf1df_6.0.22621.4541_none_2710d1c57384c085\COMCTL32.dll
0x00007ff8f45e0000 - 0x00007ff8f4609000 	C:\WINDOWS\System32\GDI32.dll
0x00007ff8f3a10000 - 0x00007ff8f3b2b000 	C:\WINDOWS\System32\gdi32full.dll
0x00007ff8f3b30000 - 0x00007ff8f3bca000 	C:\WINDOWS\System32\msvcp_win.dll
0x00007ff8ecbb0000 - 0x00007ff8ecbba000 	C:\WINDOWS\SYSTEM32\VERSION.dll
0x00007ff8f5f90000 - 0x00007ff8f5fc1000 	C:\WINDOWS\System32\IMM32.DLL
0x00007ff8ee6f0000 - 0x00007ff8ee6fc000 	C:\Program Files\Java\jdk-17\bin\vcruntime140_1.dll
0x00007ff8d0a90000 - 0x00007ff8d0b1e000 	C:\Program Files\Java\jdk-17\bin\msvcp140.dll
0x00007ff84e7f0000 - 0x00007ff84f3d0000 	C:\Program Files\Java\jdk-17\bin\server\jvm.dll
0x00007ff8f5a00000 - 0x00007ff8f5a08000 	C:\WINDOWS\System32\PSAPI.DLL
0x00007ff8c7f10000 - 0x00007ff8c7f19000 	C:\WINDOWS\SYSTEM32\WSOCK32.dll
0x00007ff8ef6c0000 - 0x00007ff8ef6f4000 	C:\WINDOWS\SYSTEM32\WINMM.dll
0x00007ff8f53b0000 - 0x00007ff8f5421000 	C:\WINDOWS\System32\WS2_32.dll
0x00007ff8f2400000 - 0x00007ff8f2418000 	C:\WINDOWS\SYSTEM32\kernel.appcore.dll
0x00007ff8ee6d0000 - 0x00007ff8ee6da000 	C:\Program Files\Java\jdk-17\bin\jimage.dll
0x00007ff8e8dd0000 - 0x00007ff8e9002000 	C:\WINDOWS\SYSTEM32\DBGHELP.DLL
0x00007ff8f3db0000 - 0x00007ff8f4141000 	C:\WINDOWS\System32\combase.dll
0x00007ff8f5e60000 - 0x00007ff8f5f37000 	C:\WINDOWS\System32\OLEAUT32.dll
0x00007ff8ca730000 - 0x00007ff8ca762000 	C:\WINDOWS\SYSTEM32\dbgcore.DLL
0x00007ff8f3c80000 - 0x00007ff8f3cfb000 	C:\WINDOWS\System32\bcryptPrimitives.dll
0x00007ff8ed150000 - 0x00007ff8ed175000 	C:\Program Files\Java\jdk-17\bin\java.dll
0x00007ff8b6280000 - 0x00007ff8b6357000 	C:\Program Files\Java\jdk-17\bin\jsvml.dll
0x00007ff8f49f0000 - 0x00007ff8f5269000 	C:\WINDOWS\System32\SHELL32.dll
0x00007ff8f1220000 - 0x00007ff8f1b29000 	C:\WINDOWS\SYSTEM32\windows.storage.dll
0x00007ff8f10e0000 - 0x00007ff8f121f000 	C:\WINDOWS\SYSTEM32\wintypes.dll
0x00007ff8f55a0000 - 0x00007ff8f569a000 	C:\WINDOWS\System32\SHCORE.dll
0x00007ff8f5c50000 - 0x00007ff8f5cae000 	C:\WINDOWS\System32\shlwapi.dll
0x00007ff8f3200000 - 0x00007ff8f322b000 	C:\WINDOWS\SYSTEM32\profapi.dll
0x00007ff8ee600000 - 0x00007ff8ee619000 	C:\Program Files\Java\jdk-17\bin\net.dll
0x00007ff8ef560000 - 0x00007ff8ef696000 	C:\WINDOWS\SYSTEM32\WINHTTP.dll
0x00007ff8f2880000 - 0x00007ff8f28e9000 	C:\WINDOWS\system32\mswsock.dll
0x00007ff8ed120000 - 0x00007ff8ed136000 	C:\Program Files\Java\jdk-17\bin\nio.dll
0x00007ff8e5eb0000 - 0x00007ff8e5ec8000 	C:\Program Files\Java\jdk-17\bin\zip.dll
0x0000000069ac0000 - 0x0000000069ae4000 	C:\Program Files\Java\apache-maven-3.9.1\lib\jansi-native\Windows\x86_64\jansi.dll
0x00007ff8e5f50000 - 0x00007ff8e5f60000 	C:\Program Files\Java\jdk-17\bin\verify.dll
0x00007ff8f2510000 - 0x00007ff8f2544000 	C:\WINDOWS\SYSTEM32\ntmarta.dll

dbghelp: loaded successfully - version: 4.0.5 - missing functions: none
symbol engine: initialized successfully - sym options: 0x614 - pdb path: .;C:\Program Files\Java\jdk-17\bin;C:\WINDOWS\SYSTEM32;C:\WINDOWS\WinSxS\amd64_microsoft.windows.common-controls_6595b64144ccf1df_6.0.22621.4541_none_2710d1c57384c085;C:\Program Files\Java\jdk-17\bin\server;C:\Program Files\Java\apache-maven-3.9.1\lib\jansi-native\Windows\x86_64

VM Arguments:
jvm_args: -Dclassworlds.conf=C:\Program Files\Java\apache-maven-3.9.1\bin\m2.conf -Dmaven.home=C:\Program Files\Java\apache-maven-3.9.1 -Dlibrary.jansi.path=C:\Program Files\Java\apache-maven-3.9.1\lib\jansi-native -Dmaven.multiModuleProjectDirectory=C:\Users\Claudia\Documents\c23-63-webapp\social_media-backend 
java_command: org.codehaus.plexus.classworlds.launcher.Launcher clean install
java_class_path (initial): C:\Program Files\Java\apache-maven-3.9.1\boot\plexus-classworlds-2.6.0.jar
Launcher Type: SUN_STANDARD

[Global flags]
     intx CICompilerCount                          = 4                                         {product} {ergonomic}
     uint ConcGCThreads                            = 3                                         {product} {ergonomic}
     uint G1ConcRefinementThreads                  = 10                                        {product} {ergonomic}
   size_t G1HeapRegionSize                         = 2097152                                   {product} {ergonomic}
    uintx GCDrainStackTargetSize                   = 64                                        {product} {ergonomic}
   size_t InitialHeapSize                          = 266338304                                 {product} {ergonomic}
   size_t MarkStackSize                            = 4194304                                   {product} {ergonomic}
   size_t MaxHeapSize                              = 4246732800                                {product} {ergonomic}
   size_t MaxNewSize                               = 2548039680                                {product} {ergonomic}
   size_t MinHeapDeltaBytes                        = 2097152                                   {product} {ergonomic}
   size_t MinHeapSize                              = 8388608                                   {product} {ergonomic}
    uintx NonNMethodCodeHeapSize                   = 5839372                                {pd product} {ergonomic}
    uintx NonProfiledCodeHeapSize                  = 122909434                              {pd product} {ergonomic}
    uintx ProfiledCodeHeapSize                     = 122909434                              {pd product} {ergonomic}
    uintx ReservedCodeCacheSize                    = 251658240                              {pd product} {ergonomic}
     bool SegmentedCodeCache                       = true                                      {product} {ergonomic}
   size_t SoftMaxHeapSize                          = 4246732800                             {manageable} {ergonomic}
     bool UseCompressedClassPointers               = true                           {product lp64_product} {ergonomic}
     bool UseCompressedOops                        = true                           {product lp64_product} {ergonomic}
     bool UseG1GC                                  = true                                      {product} {ergonomic}
     bool UseLargePagesIndividualAllocation        = false                                  {pd product} {ergonomic}

Logging:
Log output configuration:
 #0: stdout all=warning uptime,level,tags
 #1: stderr all=off uptime,level,tags

Environment Variables:
PATH=C:\Program Files\Common Files\Oracle\Java\javapath;C:\Program Files (x86)\Common Files\Oracle\Java\java8path;C:\Program Files (x86)\Common Files\Oracle\Java\javapath;C:\Windows\system32;C:\Windows;C:\Windows\System32\Wbem;C:\Windows\System32\WindowsPowerShell\v1.0\;C:\Windows\System32\OpenSSH\;C:\Program Files (x86)\NVIDIA Corporation\PhysX\Common;C:\Program Files\NVIDIA Corporation\NVIDIA NvDLISR;C:\Program Files\Git\cmd;C:\WINDOWS\system32;C:\WINDOWS;C:\WINDOWS\System32\Wbem;C:\WINDOWS\System32\WindowsPowerShell\v1.0\;C:\WINDOWS\System32\OpenSSH\;C:\Program Files\Java\apache-maven-3.9.1\bin\;C:\Program Files (x86)\PuTTY\;C:\Program Files\nodejs\;C:\Users\Claudia\AppData\Local\Microsoft\WindowsApps;C:\Users\Claudia\AppData\Local\Programs\Microsoft VS Code\bin;C:\Users\Claudia\AppData\Roaming\npm;C:\Users\Claudia\nasm-2.16.02rc5;C:\Users\Claudia\mingw64\bin;
USERNAME=Claudia
OS=Windows_NT
PROCESSOR_IDENTIFIER=Intel64 Family 6 Model 151 Stepping 2, GenuineIntel



---------------  S Y S T E M  ---------------

OS:
 Windows 11 , 64 bit Build 22621 (10.0.22621.4391)
OS uptime: 0 days 1:13 hours

CPU: total 12 (initial active 12) (6 cores per cpu, 2 threads per core) family 6 model 151 stepping 2 microcode 0xf, cx8, cmov, fxsr, ht, mmx, 3dnowpref, sse, sse2, sse3, ssse3, sse4.1, sse4.2, popcnt, lzcnt, tsc, tscinvbit, avx, avx2, aes, erms, clmul, bmi1, bmi2, adx, sha, fma, vzeroupper, clflush, clflushopt, clwb

Memory: 4k page, system-wide physical 16193M (4342M free)
TotalPageFile size 26433M (AvailPageFile size 10299M)
current process WorkingSet (physical memory assigned to process): 225M, peak: 279M
current process commit charge ("private bytes"): 266M, peak: 418M

vm_info: Java HotSpot(TM) 64-Bit Server VM (17.0.12+8-LTS-286) for windows-amd64 JRE (17.0.12+8-LTS-286), built on Jun  5 2024 06:46:59 by "mach5one" with MS VC++ 17.6 (VS2022)

END.
