#
# A fatal error has been detected by the Java Runtime Environment:
#
#  EXCEPTION_ACCESS_VIOLATION (0xc0000005) at pc=0x00007ff836cce325, pid=24440, tid=22896
#
# JRE version: Java(TM) SE Runtime Environment (17.0.12+8) (build 17.0.12+8-LTS-286)
# Java VM: Java HotSpot(TM) 64-Bit Server VM (17.0.12+8-LTS-286, mixed mode, sharing, tiered, compressed oops, compressed class ptrs, g1 gc, windows-amd64)
# Problematic frame:
# V  [jvm.dll+0x60e325]
#
# No core dump will be written. Minidumps are not enabled by default on client versions of Windows
#
# If you would like to submit a bug report, please visit:
#   https://bugreport.java.com/bugreport/crash.jsp
#

---------------  S U M M A R Y ------------

Command Line: -Dclassworlds.conf=C:\Program Files\Java\apache-maven-3.9.1\bin\m2.conf -Dmaven.home=C:\Program Files\Java\apache-maven-3.9.1 -Dlibrary.jansi.path=C:\Program Files\Java\apache-maven-3.9.1\lib\jansi-native -Dmaven.multiModuleProjectDirectory=C:\Users\Claudia\Documents\c23-63-webapp\social_media-backend org.codehaus.plexus.classworlds.launcher.Launcher clean install

Host: 12th Gen Intel(R) Core(TM) i5-12400, 12 cores, 15G,  Windows 11 , 64 bit Build 22621 (10.0.22621.4391)
Time: Fri Jan 31 20:44:46 2025 Hora estándar de Argentina elapsed time: 3.403640 seconds (0d 0h 0m 3s)

---------------  T H R E A D  ---------------

Current thread (0x000001cf2c7be2d0):  JavaThread "C2 CompilerThread1" daemon [_thread_in_native, id=22896, stack(0x0000004aa7000000,0x0000004aa7100000)]


Current CompileTask:
C2:   3403 8134       4       com.sun.tools.javac.jvm.PoolReader::resolve (344 bytes)

Stack: [0x0000004aa7000000,0x0000004aa7100000],  sp=0x0000004aa70fb980,  free space=1006k
Native frames: (J=compiled Java code, j=interpreted, Vv=VM code, C=native code)
V  [jvm.dll+0x60e325]
V  [jvm.dll+0x60c84a]
V  [jvm.dll+0x2166be]
V  [jvm.dll+0x215c6f]
V  [jvm.dll+0x1a2960]
V  [jvm.dll+0x22610b]
V  [jvm.dll+0x2242ab]
V  [jvm.dll+0x79075c]
V  [jvm.dll+0x78abea]
V  [jvm.dll+0x678f35]
C  [ucrtbase.dll+0x29333]
C  [KERNEL32.DLL+0x1259d]
C  [ntdll.dll+0x5af38]


siginfo: EXCEPTION_ACCESS_VIOLATION (0xc0000005), reading address 0x0000000100000007


Registers:
RAX=0x00000000ffffffff, RBX=0x000001cf77006b90, RCX=0x000001cf74bdcac0, RDX=0x000001cf77006b90
RSP=0x0000004aa70fb980, RBP=0x0000004aa70fb9d0, RSI=0xfffffffffffffff8, RDI=0x00000000ffffffff
R8 =0x0000004aa70fbdb0, R9 =0x000001cf2c5a1ea0, R10=0x0000000000000001, R11=0x00007ff8366c0000
R12=0x0000004aa70fbdb0, R13=0x000001cf77006b90, R14=0x000001cf77006b90, R15=0x0000000000000006
RIP=0x00007ff836cce325, EFLAGS=0x0000000000010202


Register to memory mapping:

RIP=0x00007ff836cce325 jvm.dll
RAX=0x00000000ffffffff is an unknown value
RBX=0x000001cf77006b90 points into unknown readable memory: 0x00007ff836f7d4f0 | f0 d4 f7 36 f8 7f 00 00
RCX=0x000001cf74bdcac0 points into unknown readable memory: 0x00007ff836f7d278 | 78 d2 f7 36 f8 7f 00 00
RDX=0x000001cf77006b90 points into unknown readable memory: 0x00007ff836f7d4f0 | f0 d4 f7 36 f8 7f 00 00
RSP=0x0000004aa70fb980 is pointing into the stack for thread: 0x000001cf2c7be2d0
RBP=0x0000004aa70fb9d0 is pointing into the stack for thread: 0x000001cf2c7be2d0
RSI=0xfffffffffffffff8 is an unknown value
RDI=0x00000000ffffffff is an unknown value
R8 =0x0000004aa70fbdb0 is pointing into the stack for thread: 0x000001cf2c7be2d0
R9 =0x000001cf2c5a1ea0 points into unknown readable memory: 0x0000000000000000 | 00 00 00 00 00 00 00 00
R10=0x0000000000000001 is an unknown value
R11=0x00007ff8366c0000 jvm.dll
R12=0x0000004aa70fbdb0 is pointing into the stack for thread: 0x000001cf2c7be2d0
R13=0x000001cf77006b90 points into unknown readable memory: 0x00007ff836f7d4f0 | f0 d4 f7 36 f8 7f 00 00
R14=0x000001cf77006b90 points into unknown readable memory: 0x00007ff836f7d4f0 | f0 d4 f7 36 f8 7f 00 00
R15=0x0000000000000006 is an unknown value


Top of Stack: (sp=0x0000004aa70fb980)
0x0000004aa70fb980:   0000004aa70fbdb0 000001cf77006bf8
0x0000004aa70fb990:   000001cf00000006 000001cf77006bf8
0x0000004aa70fb9a0:   000001cf77f1bfc0 000001cf77f9d6f0
0x0000004aa70fb9b0:   000001cf77f1b470 000001cf2cc67ec0
0x0000004aa70fb9c0:   0000004aa70fe820 000001cf7268b890
0x0000004aa70fb9d0:   0000000000000000 0000004aa70fbdb0
0x0000004aa70fb9e0:   0000004aa70fba70 00007ff836ccc84a
0x0000004aa70fb9f0:   000000000000000e 0000000000003061
0x0000004aa70fba00:   0000004aa70fbdb0 0000000000000000
0x0000004aa70fba10:   0000000000100000 0000000000000000
0x0000004aa70fba20:   0000000000000000 0000000000000000
0x0000004aa70fba30:   0000000000000000 0000000000000000
0x0000004aa70fba40:   0000000000000000 0000000000000000
0x0000004aa70fba50:   0000000000000000 0000000000000000
0x0000004aa70fba60:   0000000000000000 0000000000000000
0x0000004aa70fba70:   0000000000000000 0000004aa70fe580 

Instructions: (pc=0x00007ff836cce325)
0x00007ff836cce225:   8b 83 40 02 00 00 2b 83 68 02 00 00 03 05 c1 4b
0x00007ff836cce235:   49 00 3b 43 68 76 25 48 8b 8b 70 01 00 00 48 8d
0x00007ff836cce245:   15 46 fa 32 00 45 33 c0 e8 3e 4e bb ff 48 8d 15
0x00007ff836cce255:   37 fa 32 00 48 8b cb e8 cf 28 c1 ff 49 8b 4c 24
0x00007ff836cce265:   10 48 8b 81 70 01 00 00 48 83 78 58 00 0f 85 c3
0x00007ff836cce275:   05 00 00 48 83 b9 88 01 00 00 00 0f 85 b5 05 00
0x00007ff836cce285:   00 48 8b 45 d0 8b 48 08 48 8b 18 83 f9 01 0f 85
0x00007ff836cce295:   f6 04 00 00 c7 40 08 02 00 00 00 48 8b d3 49 8b
0x00007ff836cce2a5:   4c 24 10 4c 8b eb 48 81 c1 70 02 00 00 e8 f9 d8
0x00007ff836cce2b5:   a9 ff 84 c0 0f 85 bb 01 00 00 8b 4b 28 49 8b 44
0x00007ff836cce2c5:   24 30 48 8b 3c c8 48 85 ff 0f 85 9c 01 00 00 8b
0x00007ff836cce2d5:   c1 c1 e8 05 41 3b 84 24 f8 09 00 00 73 6d 8b d0
0x00007ff836cce2e5:   83 e1 1f 49 8b 84 24 00 0a 00 00 8b 04 90 0f a3
0x00007ff836cce2f5:   c8 73 58 8b 43 2c 24 0f 3c 08 75 42 48 8b 43 08
0x00007ff836cce305:   48 8b 08 48 85 c9 74 36 f6 41 2c 01 74 30 48 8b
0x00007ff836cce315:   01 4d 8b c4 48 8b d3 ff 90 c0 00 00 00 48 8b f8
0x00007ff836cce325:   48 8b 48 08 48 83 39 00 0f 84 81 00 00 00 4c 8b
0x00007ff836cce335:   c3 48 8b d0 49 8b cc e8 bf a2 ff ff eb 71 48 8b
0x00007ff836cce345:   cb e8 25 97 04 00 48 8b f8 eb 64 8b 43 2c 48 8b
0x00007ff836cce355:   d3 83 e0 03 49 8b cc 3c 03 75 07 e8 3b e7 ff ff
0x00007ff836cce365:   eb 05 e8 24 f0 ff ff 49 8b 4c 24 10 48 8b f8 48
0x00007ff836cce375:   8b 81 70 01 00 00 48 83 78 58 00 0f 85 b5 04 00
0x00007ff836cce385:   00 48 83 b9 88 01 00 00 00 0f 85 a7 04 00 00 48
0x00007ff836cce395:   85 ff 0f 84 9e 04 00 00 8b 43 2c 83 e0 1f 3c 11
0x00007ff836cce3a5:   75 0d 48 8b 03 48 8b cb ff 50 30 48 89 47 48 8b
0x00007ff836cce3b5:   73 28 41 3b 74 24 28 72 0c 8b d6 49 8d 4c 24 20
0x00007ff836cce3c5:   e8 26 aa 04 00 49 8b 44 24 30 48 89 3c f0 49 8b
0x00007ff836cce3d5:   94 24 48 0a 00 00 48 85 d2 0f 84 8c 00 00 00 44
0x00007ff836cce3e5:   8b 4b 28 4d 8b 54 24 10 41 8b c9 c1 f9 08 3b 0a
0x00007ff836cce3f5:   79 79 48 8b 52 08 4c 63 c1 41 0f b6 c9 4a 8b 04
0x00007ff836cce405:   c2 4c 8d 34 c8 4d 85 f6 74 61 4d 8b 0e 4d 85 c9
0x00007ff836cce415:   74 59 44 8b 7f 28 49 8b 9a 00 03 00 00 41 8b f7 


Stack slot to memory mapping:
stack at sp + 0 slots: 0x0000004aa70fbdb0 is pointing into the stack for thread: 0x000001cf2c7be2d0
stack at sp + 1 slots: 0x000001cf77006bf8 points into unknown readable memory: 0x00007ff836f91d58 | 58 1d f9 36 f8 7f 00 00
stack at sp + 2 slots: 0x000001cf00000006 is an unknown value
stack at sp + 3 slots: 0x000001cf77006bf8 points into unknown readable memory: 0x00007ff836f91d58 | 58 1d f9 36 f8 7f 00 00
stack at sp + 4 slots: 0x000001cf77f1bfc0 points into unknown readable memory: 0x000001cf77006b90 | 90 6b 00 77 cf 01 00 00
stack at sp + 5 slots: 0x000001cf77f9d6f0 points into unknown readable memory: 0x0000000000000000 | 00 00 00 00 00 00 00 00
stack at sp + 6 slots: 0x000001cf77f1b470 points into unknown readable memory: 0x0000000000000000 | 00 00 00 00 00 00 00 00
stack at sp + 7 slots: 0x000001cf2cc67ec0 points into unknown readable memory: 0x0000000000000006 | 06 00 00 00 00 00 00 00


---------------  P R O C E S S  ---------------

Threads class SMR info:
_java_thread_list=0x000001cf2cd73610, length=14, elements={
0x000001cf090527f0, 0x000001cf2c160540, 0x000001cf2c160fd0, 0x000001cf2c1795a0,
0x000001cf2c179d70, 0x000001cf2c17c960, 0x000001cf2c17cf30, 0x000001cf2c17d8e0,
0x000001cf2c2bf5a0, 0x000001cf2c2c1ee0, 0x000001cf2c3e6d90, 0x000001cf2c3eb6a0,
0x000001cf2c7be2d0, 0x000001cf2cd3e690
}

Java Threads: ( => current thread )
  0x000001cf090527f0 JavaThread "main" [_thread_in_native, id=23068, stack(0x0000004aa5d00000,0x0000004aa5e00000)]
  0x000001cf2c160540 JavaThread "Reference Handler" daemon [_thread_blocked, id=17016, stack(0x0000004aa6400000,0x0000004aa6500000)]
  0x000001cf2c160fd0 JavaThread "Finalizer" daemon [_thread_blocked, id=17060, stack(0x0000004aa6500000,0x0000004aa6600000)]
  0x000001cf2c1795a0 JavaThread "Signal Dispatcher" daemon [_thread_blocked, id=16760, stack(0x0000004aa6600000,0x0000004aa6700000)]
  0x000001cf2c179d70 JavaThread "Attach Listener" daemon [_thread_blocked, id=20520, stack(0x0000004aa6700000,0x0000004aa6800000)]
  0x000001cf2c17c960 JavaThread "Service Thread" daemon [_thread_blocked, id=22748, stack(0x0000004aa6800000,0x0000004aa6900000)]
  0x000001cf2c17cf30 JavaThread "Monitor Deflation Thread" daemon [_thread_blocked, id=24568, stack(0x0000004aa6900000,0x0000004aa6a00000)]
  0x000001cf2c17d8e0 JavaThread "C2 CompilerThread0" daemon [_thread_in_native, id=24556, stack(0x0000004aa6a00000,0x0000004aa6b00000)]
  0x000001cf2c2bf5a0 JavaThread "C1 CompilerThread0" daemon [_thread_blocked, id=8236, stack(0x0000004aa6b00000,0x0000004aa6c00000)]
  0x000001cf2c2c1ee0 JavaThread "Sweeper thread" daemon [_thread_blocked, id=24296, stack(0x0000004aa6c00000,0x0000004aa6d00000)]
  0x000001cf2c3e6d90 JavaThread "Notification Thread" daemon [_thread_blocked, id=6400, stack(0x0000004aa6d00000,0x0000004aa6e00000)]
  0x000001cf2c3eb6a0 JavaThread "Common-Cleaner" daemon [_thread_blocked, id=20748, stack(0x0000004aa6f00000,0x0000004aa7000000)]
=>0x000001cf2c7be2d0 JavaThread "C2 CompilerThread1" daemon [_thread_in_native, id=22896, stack(0x0000004aa7000000,0x0000004aa7100000)]
  0x000001cf2cd3e690 JavaThread "C2 CompilerThread2" daemon [_thread_in_native, id=4256, stack(0x0000004aa7100000,0x0000004aa7200000)]

Other Threads:
  0x000001cf2c15c130 VMThread "VM Thread" [stack: 0x0000004aa6300000,0x0000004aa6400000] [id=3700]
  0x000001cf090de080 WatcherThread [stack: 0x0000004aa6e00000,0x0000004aa6f00000] [id=12692]
  0x000001cf090be760 GCTaskThread "GC Thread#0" [stack: 0x0000004aa5e00000,0x0000004aa5f00000] [id=17336]
  0x000001cf2c4e30f0 GCTaskThread "GC Thread#1" [stack: 0x0000004aa7200000,0x0000004aa7300000] [id=11504]
  0x000001cf2c8ae6c0 GCTaskThread "GC Thread#2" [stack: 0x0000004aa7300000,0x0000004aa7400000] [id=7500]
  0x000001cf2cd1eb30 GCTaskThread "GC Thread#3" [stack: 0x0000004aa7400000,0x0000004aa7500000] [id=20912]
  0x000001cf2cd1edf0 GCTaskThread "GC Thread#4" [stack: 0x0000004aa7500000,0x0000004aa7600000] [id=18104]
  0x000001cf2ccef030 GCTaskThread "GC Thread#5" [stack: 0x0000004aa7600000,0x0000004aa7700000] [id=2388]
  0x000001cf2cccb440 GCTaskThread "GC Thread#6" [stack: 0x0000004aa7700000,0x0000004aa7800000] [id=9024]
  0x000001cf2ce6cb70 GCTaskThread "GC Thread#7" [stack: 0x0000004aa7800000,0x0000004aa7900000] [id=4200]
  0x000001cf722e84e0 GCTaskThread "GC Thread#8" [stack: 0x0000004aa7900000,0x0000004aa7a00000] [id=22844]
  0x000001cf722e89b0 GCTaskThread "GC Thread#9" [stack: 0x0000004aa7a00000,0x0000004aa7b00000] [id=16280]
  0x000001cf090cf3c0 ConcurrentGCThread "G1 Main Marker" [stack: 0x0000004aa5f00000,0x0000004aa6000000] [id=3380]
  0x000001cf090cfdd0 ConcurrentGCThread "G1 Conc#0" [stack: 0x0000004aa6000000,0x0000004aa6100000] [id=24196]
  0x000001cf7277bad0 ConcurrentGCThread "G1 Conc#1" [stack: 0x0000004aa7b00000,0x0000004aa7c00000] [id=12744]
  0x000001cf7277c050 ConcurrentGCThread "G1 Conc#2" [stack: 0x0000004aa7c00000,0x0000004aa7d00000] [id=16544]
  0x000001cf0911d1a0 ConcurrentGCThread "G1 Refine#0" [stack: 0x0000004aa6100000,0x0000004aa6200000] [id=22880]
  0x000001cf73cf66b0 ConcurrentGCThread "G1 Refine#1" [stack: 0x0000004aa7d00000,0x0000004aa7e00000] [id=2504]
  0x000001cf7460d790 ConcurrentGCThread "G1 Refine#2" [stack: 0x0000004aa7e00000,0x0000004aa7f00000] [id=11876]
  0x000001cf74a70010 ConcurrentGCThread "G1 Refine#3" [stack: 0x0000004aa7f00000,0x0000004aa8000000] [id=9820]
  0x000001cf73d9a020 ConcurrentGCThread "G1 Refine#4" [stack: 0x0000004aa8000000,0x0000004aa8100000] [id=18304]
  0x000001cf73cabe20 ConcurrentGCThread "G1 Refine#5" [stack: 0x0000004aa8100000,0x0000004aa8200000] [id=22604]
  0x000001cf73424010 ConcurrentGCThread "G1 Refine#6" [stack: 0x0000004aa8200000,0x0000004aa8300000] [id=22960]
  0x000001cf0911d7e0 ConcurrentGCThread "G1 Service" [stack: 0x0000004aa6200000,0x0000004aa6300000] [id=8624]

Threads with active compile tasks:
C2 CompilerThread0     3427 8192       4       com.sun.tools.javac.code.Symtab::lookupPackage (259 bytes)
C2 CompilerThread1     3427 8134       4       com.sun.tools.javac.jvm.PoolReader::resolve (344 bytes)
C2 CompilerThread2     3427 8209   !   4       com.sun.tools.javac.jvm.ClassReader::classSigToType (497 bytes)

VM state: not at safepoint (normal execution)

VM Mutex/Monitor currently owned by a thread: None

Heap address: 0x0000000702e00000, size: 4050 MB, Compressed Oops mode: Zero based, Oop shift amount: 3

CDS archive(s) mapped at: [0x000001cf2d000000-0x000001cf2dbd0000-0x000001cf2dbd0000), size 12386304, SharedBaseAddress: 0x000001cf2d000000, ArchiveRelocationMode: 1.
Compressed class space mapped at: 0x000001cf2e000000-0x000001cf6e000000, reserved size: 1073741824
Narrow klass base: 0x000001cf2d000000, Narrow klass shift: 0, Narrow klass range: 0x100000000

GC Precious Log:
 CPUs: 12 total, 12 available
 Memory: 16193M
 Large Page Support: Disabled
 NUMA Support: Disabled
 Compressed Oops: Enabled (Zero based)
 Heap Region Size: 2M
 Heap Min Capacity: 8M
 Heap Initial Capacity: 254M
 Heap Max Capacity: 4050M
 Pre-touch: Disabled
 Parallel Workers: 10
 Concurrent Workers: 3
 Concurrent Refinement Workers: 10
 Periodic GC: Disabled

Heap:
 garbage-first heap   total 178176K, used 121903K [0x0000000702e00000, 0x0000000800000000)
  region size 2048K, 39 young (79872K), 2 survivors (4096K)
 Metaspace       used 30956K, committed 31360K, reserved 1114112K
  class space    used 3498K, committed 3648K, reserved 1048576K

Heap Regions: E=young(eden), S=young(survivor), O=old, HS=humongous(starts), HC=humongous(continues), CS=collection set, F=free, OA=open archive, CA=closed archive, TAMS=top-at-mark-start (previous, next)
|   0|0x0000000702e00000, 0x0000000703000000, 0x0000000703000000|100%| O|  |TAMS 0x0000000703000000, 0x0000000702e00000| Untracked 
|   1|0x0000000703000000, 0x0000000703200000, 0x0000000703200000|100%| O|  |TAMS 0x0000000703200000, 0x0000000703000000| Untracked 
|   2|0x0000000703200000, 0x0000000703400000, 0x0000000703400000|100%| O|  |TAMS 0x0000000703400000, 0x0000000703200000| Untracked 
|   3|0x0000000703400000, 0x0000000703600000, 0x0000000703600000|100%|HS|  |TAMS 0x0000000703600000, 0x0000000703400000| Complete 
|   4|0x0000000703600000, 0x0000000703800000, 0x0000000703800000|100%| O|  |TAMS 0x0000000703800000, 0x0000000703600000| Untracked 
|   5|0x0000000703800000, 0x0000000703a00000, 0x0000000703a00000|100%| O|  |TAMS 0x0000000703a00000, 0x0000000703800000| Untracked 
|   6|0x0000000703a00000, 0x0000000703c00000, 0x0000000703c00000|100%| O|  |TAMS 0x0000000703c00000, 0x0000000703a00000| Untracked 
|   7|0x0000000703c00000, 0x0000000703e00000, 0x0000000703e00000|100%| O|  |TAMS 0x0000000703e00000, 0x0000000703c00000| Untracked 
|   8|0x0000000703e00000, 0x0000000704000000, 0x0000000704000000|100%| O|  |TAMS 0x0000000704000000, 0x0000000703e00000| Untracked 
|   9|0x0000000704000000, 0x0000000704200000, 0x0000000704200000|100%| O|  |TAMS 0x0000000704200000, 0x0000000704000000| Untracked 
|  10|0x0000000704200000, 0x0000000704400000, 0x0000000704400000|100%| O|  |TAMS 0x0000000704400000, 0x0000000704200000| Untracked 
|  11|0x0000000704400000, 0x0000000704600000, 0x0000000704600000|100%| O|  |TAMS 0x0000000704600000, 0x0000000704400000| Untracked 
|  12|0x0000000704600000, 0x0000000704800000, 0x0000000704800000|100%| O|  |TAMS 0x0000000704800000, 0x0000000704600000| Untracked 
|  13|0x0000000704800000, 0x0000000704956a00, 0x0000000704a00000| 66%| O|  |TAMS 0x0000000704956a00, 0x0000000704800000| Untracked 
|  14|0x0000000704a00000, 0x0000000704c00000, 0x0000000704c00000|100%|HS|  |TAMS 0x0000000704a00000, 0x0000000704a00000| Complete 
|  15|0x0000000704c00000, 0x0000000704c00000, 0x0000000704e00000|  0%| F|  |TAMS 0x0000000704c00000, 0x0000000704c00000| Untracked 
|  16|0x0000000704e00000, 0x0000000705000000, 0x0000000705000000|100%| O|  |TAMS 0x0000000705000000, 0x0000000704e00000| Untracked 
|  17|0x0000000705000000, 0x0000000705200000, 0x0000000705200000|100%| O|  |TAMS 0x0000000705200000, 0x0000000705000000| Untracked 
|  18|0x0000000705200000, 0x0000000705400000, 0x0000000705400000|100%| O|  |TAMS 0x0000000705400000, 0x0000000705200000| Untracked 
|  19|0x0000000705400000, 0x0000000705600000, 0x0000000705600000|100%| O|  |TAMS 0x0000000705600000, 0x0000000705400000| Untracked 
|  20|0x0000000705600000, 0x0000000705600000, 0x0000000705800000|  0%| F|  |TAMS 0x0000000705600000, 0x0000000705600000| Untracked 
|  21|0x0000000705800000, 0x0000000705800000, 0x0000000705a00000|  0%| F|  |TAMS 0x0000000705800000, 0x0000000705800000| Untracked 
|  22|0x0000000705a00000, 0x0000000705a00000, 0x0000000705c00000|  0%| F|  |TAMS 0x0000000705a00000, 0x0000000705a00000| Untracked 
|  23|0x0000000705c00000, 0x0000000705c00000, 0x0000000705e00000|  0%| F|  |TAMS 0x0000000705c00000, 0x0000000705c00000| Untracked 
|  24|0x0000000705e00000, 0x0000000705e00000, 0x0000000706000000|  0%| F|  |TAMS 0x0000000705e00000, 0x0000000705e00000| Untracked 
|  25|0x0000000706000000, 0x0000000706000000, 0x0000000706200000|  0%| F|  |TAMS 0x0000000706000000, 0x0000000706000000| Untracked 
|  26|0x0000000706200000, 0x0000000706200000, 0x0000000706400000|  0%| F|  |TAMS 0x0000000706200000, 0x0000000706200000| Untracked 
|  27|0x0000000706400000, 0x0000000706400000, 0x0000000706600000|  0%| F|  |TAMS 0x0000000706400000, 0x0000000706400000| Untracked 
|  28|0x0000000706600000, 0x0000000706600000, 0x0000000706800000|  0%| F|  |TAMS 0x0000000706600000, 0x0000000706600000| Untracked 
|  29|0x0000000706800000, 0x0000000706800000, 0x0000000706a00000|  0%| F|  |TAMS 0x0000000706800000, 0x0000000706800000| Untracked 
|  30|0x0000000706a00000, 0x0000000706a00000, 0x0000000706c00000|  0%| F|  |TAMS 0x0000000706a00000, 0x0000000706a00000| Untracked 
|  31|0x0000000706c00000, 0x0000000706c00000, 0x0000000706e00000|  0%| F|  |TAMS 0x0000000706c00000, 0x0000000706c00000| Untracked 
|  32|0x0000000706e00000, 0x0000000706e00000, 0x0000000707000000|  0%| F|  |TAMS 0x0000000706e00000, 0x0000000706e00000| Untracked 
|  33|0x0000000707000000, 0x0000000707000000, 0x0000000707200000|  0%| F|  |TAMS 0x0000000707000000, 0x0000000707000000| Untracked 
|  34|0x0000000707200000, 0x0000000707200000, 0x0000000707400000|  0%| F|  |TAMS 0x0000000707200000, 0x0000000707200000| Untracked 
|  35|0x0000000707400000, 0x00000007075b5308, 0x0000000707600000| 85%| S|CS|TAMS 0x0000000707400000, 0x0000000707400000| Complete 
|  36|0x0000000707600000, 0x0000000707800000, 0x0000000707800000|100%| S|CS|TAMS 0x0000000707600000, 0x0000000707600000| Complete 
|  37|0x0000000707800000, 0x0000000707800000, 0x0000000707a00000|  0%| F|  |TAMS 0x0000000707800000, 0x0000000707800000| Untracked 
|  38|0x0000000707a00000, 0x0000000707a00000, 0x0000000707c00000|  0%| F|  |TAMS 0x0000000707a00000, 0x0000000707a00000| Untracked 
|  39|0x0000000707c00000, 0x0000000707c00000, 0x0000000707e00000|  0%| F|  |TAMS 0x0000000707c00000, 0x0000000707c00000| Untracked 
|  40|0x0000000707e00000, 0x0000000707e00000, 0x0000000708000000|  0%| F|  |TAMS 0x0000000707e00000, 0x0000000707e00000| Untracked 
|  41|0x0000000708000000, 0x0000000708000000, 0x0000000708200000|  0%| F|  |TAMS 0x0000000708000000, 0x0000000708000000| Untracked 
|  42|0x0000000708200000, 0x0000000708200000, 0x0000000708400000|  0%| F|  |TAMS 0x0000000708200000, 0x0000000708200000| Untracked 
|  43|0x0000000708400000, 0x0000000708400000, 0x0000000708600000|  0%| F|  |TAMS 0x0000000708400000, 0x0000000708400000| Untracked 
|  44|0x0000000708600000, 0x0000000708600000, 0x0000000708800000|  0%| F|  |TAMS 0x0000000708600000, 0x0000000708600000| Untracked 
|  45|0x0000000708800000, 0x0000000708800000, 0x0000000708a00000|  0%| F|  |TAMS 0x0000000708800000, 0x0000000708800000| Untracked 
|  46|0x0000000708a00000, 0x0000000708b10010, 0x0000000708c00000| 53%| E|  |TAMS 0x0000000708a00000, 0x0000000708a00000| Complete 
|  47|0x0000000708c00000, 0x0000000708e00000, 0x0000000708e00000|100%| E|CS|TAMS 0x0000000708c00000, 0x0000000708c00000| Complete 
|  48|0x0000000708e00000, 0x0000000709000000, 0x0000000709000000|100%| E|CS|TAMS 0x0000000708e00000, 0x0000000708e00000| Complete 
|  49|0x0000000709000000, 0x0000000709200000, 0x0000000709200000|100%| E|CS|TAMS 0x0000000709000000, 0x0000000709000000| Complete 
|  50|0x0000000709200000, 0x0000000709400000, 0x0000000709400000|100%| E|CS|TAMS 0x0000000709200000, 0x0000000709200000| Complete 
|  51|0x0000000709400000, 0x0000000709600000, 0x0000000709600000|100%| E|CS|TAMS 0x0000000709400000, 0x0000000709400000| Complete 
|  52|0x0000000709600000, 0x0000000709800000, 0x0000000709800000|100%| E|CS|TAMS 0x0000000709600000, 0x0000000709600000| Complete 
|  53|0x0000000709800000, 0x0000000709a00000, 0x0000000709a00000|100%| E|CS|TAMS 0x0000000709800000, 0x0000000709800000| Complete 
|  54|0x0000000709a00000, 0x0000000709c00000, 0x0000000709c00000|100%| E|CS|TAMS 0x0000000709a00000, 0x0000000709a00000| Complete 
|  55|0x0000000709c00000, 0x0000000709e00000, 0x0000000709e00000|100%| E|CS|TAMS 0x0000000709c00000, 0x0000000709c00000| Complete 
|  56|0x0000000709e00000, 0x000000070a000000, 0x000000070a000000|100%| E|CS|TAMS 0x0000000709e00000, 0x0000000709e00000| Complete 
|  57|0x000000070a000000, 0x000000070a200000, 0x000000070a200000|100%| E|CS|TAMS 0x000000070a000000, 0x000000070a000000| Complete 
|  58|0x000000070a200000, 0x000000070a400000, 0x000000070a400000|100%| E|CS|TAMS 0x000000070a200000, 0x000000070a200000| Complete 
|  59|0x000000070a400000, 0x000000070a600000, 0x000000070a600000|100%| E|CS|TAMS 0x000000070a400000, 0x000000070a400000| Complete 
|  60|0x000000070a600000, 0x000000070a800000, 0x000000070a800000|100%| E|CS|TAMS 0x000000070a600000, 0x000000070a600000| Complete 
|  61|0x000000070a800000, 0x000000070aa00000, 0x000000070aa00000|100%| E|CS|TAMS 0x000000070a800000, 0x000000070a800000| Complete 
|  62|0x000000070aa00000, 0x000000070ac00000, 0x000000070ac00000|100%| E|CS|TAMS 0x000000070aa00000, 0x000000070aa00000| Complete 
|  63|0x000000070ac00000, 0x000000070ae00000, 0x000000070ae00000|100%| E|CS|TAMS 0x000000070ac00000, 0x000000070ac00000| Complete 
|  64|0x000000070ae00000, 0x000000070b000000, 0x000000070b000000|100%| E|CS|TAMS 0x000000070ae00000, 0x000000070ae00000| Complete 
|  65|0x000000070b000000, 0x000000070b200000, 0x000000070b200000|100%| E|CS|TAMS 0x000000070b000000, 0x000000070b000000| Complete 
|  66|0x000000070b200000, 0x000000070b400000, 0x000000070b400000|100%| E|CS|TAMS 0x000000070b200000, 0x000000070b200000| Complete 
|  67|0x000000070b400000, 0x000000070b600000, 0x000000070b600000|100%| E|CS|TAMS 0x000000070b400000, 0x000000070b400000| Complete 
|  68|0x000000070b600000, 0x000000070b800000, 0x000000070b800000|100%| E|CS|TAMS 0x000000070b600000, 0x000000070b600000| Complete 
|  69|0x000000070b800000, 0x000000070ba00000, 0x000000070ba00000|100%| E|  |TAMS 0x000000070b800000, 0x000000070b800000| Complete 
|  70|0x000000070ba00000, 0x000000070bc00000, 0x000000070bc00000|100%| E|CS|TAMS 0x000000070ba00000, 0x000000070ba00000| Complete 
|  71|0x000000070bc00000, 0x000000070be00000, 0x000000070be00000|100%| E|CS|TAMS 0x000000070bc00000, 0x000000070bc00000| Complete 
|  72|0x000000070be00000, 0x000000070c000000, 0x000000070c000000|100%| E|CS|TAMS 0x000000070be00000, 0x000000070be00000| Complete 
|  73|0x000000070c000000, 0x000000070c200000, 0x000000070c200000|100%| E|CS|TAMS 0x000000070c000000, 0x000000070c000000| Complete 
|  74|0x000000070c200000, 0x000000070c400000, 0x000000070c400000|100%| E|CS|TAMS 0x000000070c200000, 0x000000070c200000| Complete 
|  75|0x000000070c400000, 0x000000070c600000, 0x000000070c600000|100%| E|CS|TAMS 0x000000070c400000, 0x000000070c400000| Complete 
|  76|0x000000070c600000, 0x000000070c800000, 0x000000070c800000|100%| E|CS|TAMS 0x000000070c600000, 0x000000070c600000| Complete 
|  77|0x000000070c800000, 0x000000070ca00000, 0x000000070ca00000|100%| E|CS|TAMS 0x000000070c800000, 0x000000070c800000| Complete 
|  78|0x000000070ca00000, 0x000000070cc00000, 0x000000070cc00000|100%| E|CS|TAMS 0x000000070ca00000, 0x000000070ca00000| Complete 
|  79|0x000000070cc00000, 0x000000070ce00000, 0x000000070ce00000|100%| E|CS|TAMS 0x000000070cc00000, 0x000000070cc00000| Complete 
|  89|0x000000070e000000, 0x000000070e200000, 0x000000070e200000|100%| E|CS|TAMS 0x000000070e000000, 0x000000070e000000| Complete 
|  90|0x000000070e200000, 0x000000070e400000, 0x000000070e400000|100%| E|CS|TAMS 0x000000070e200000, 0x000000070e200000| Complete 
| 126|0x0000000712a00000, 0x0000000712c00000, 0x0000000712c00000|100%| E|CS|TAMS 0x0000000712a00000, 0x0000000712a00000| Complete 
|2021|0x00000007ff800000, 0x00000007ffa00000, 0x00000007ffa00000|100%| O|  |TAMS 0x00000007ffa00000, 0x00000007ff800000| Untracked 
|2022|0x00000007ffa00000, 0x00000007ffc00000, 0x00000007ffc00000|100%| O|  |TAMS 0x00000007ffc00000, 0x00000007ffa00000| Untracked 
|2023|0x00000007ffc00000, 0x00000007ffe00000, 0x00000007ffe00000|100%| O|  |TAMS 0x00000007ffe00000, 0x00000007ffc00000| Untracked 
|2024|0x00000007ffe00000, 0x0000000800000000, 0x0000000800000000|100%| O|  |TAMS 0x0000000800000000, 0x00000007ffe00000| Untracked 

Card table byte_map: [0x000001cf20660000,0x000001cf20e50000] _byte_map_base: 0x000001cf1ce49000

Marking Bits (Prev, Next): (CMBitMap*) 0x000001cf090bed80, (CMBitMap*) 0x000001cf090bedc0
 Prev Bits: [0x000001cf21640000, 0x000001cf25588000)
 Next Bits: [0x000001cf25590000, 0x000001cf294d8000)

Polling page: 0x000001cf08820000

Metaspace:

Usage:
  Non-class:     26.81 MB used.
      Class:      3.42 MB used.
       Both:     30.23 MB used.

Virtual space:
  Non-class space:       64.00 MB reserved,      27.06 MB ( 42%) committed,  1 nodes.
      Class space:        1.00 GB reserved,       3.56 MB ( <1%) committed,  1 nodes.
             Both:        1.06 GB reserved,      30.62 MB (  3%) committed. 

Chunk freelists:
   Non-Class:  4.87 MB
       Class:  12.41 MB
        Both:  17.28 MB

MaxMetaspaceSize: unlimited
CompressedClassSpaceSize: 1.00 GB
Initial GC threshold: 21.00 MB
Current GC threshold: 46.88 MB
CDS: on
MetaspaceReclaimPolicy: balanced
 - commit_granule_bytes: 65536.
 - commit_granule_words: 8192.
 - virtual_space_node_default_size: 8388608.
 - enlarge_chunks_in_place: 1.
 - new_chunks_are_fully_committed: 0.
 - uncommit_free_chunks: 1.
 - use_allocation_guard: 0.
 - handle_deallocations: 1.


Internal statistics:

num_allocs_failed_limit: 3.
num_arena_births: 264.
num_arena_deaths: 0.
num_vsnodes_births: 2.
num_vsnodes_deaths: 0.
num_space_committed: 490.
num_space_uncommitted: 0.
num_chunks_returned_to_freelist: 3.
num_chunks_taken_from_freelist: 1439.
num_chunk_merges: 3.
num_chunk_splits: 990.
num_chunks_enlarged: 740.
num_inconsistent_stats: 0.

CodeHeap 'non-profiled nmethods': size=120000Kb used=4284Kb max_used=4284Kb free=115715Kb
 bounds [0x000001cf183e0000, 0x000001cf18810000, 0x000001cf1f910000]
CodeHeap 'profiled nmethods': size=120000Kb used=16165Kb max_used=16165Kb free=103834Kb
 bounds [0x000001cf10910000, 0x000001cf118e0000, 0x000001cf17e40000]
CodeHeap 'non-nmethods': size=5760Kb used=1220Kb max_used=1296Kb free=4539Kb
 bounds [0x000001cf17e40000, 0x000001cf180b0000, 0x000001cf183e0000]
 total_blobs=7880 nmethods=7357 adapters=435
 compilation: enabled
              stopped_count=0, restarted_count=0
 full_count=0

Compilation events (20 events):
Event: 3.335 Thread 0x000001cf2c2bf5a0 8171       1       java.nio.charset.Charset::name (5 bytes)
Event: 3.336 Thread 0x000001cf2c2bf5a0 nmethod 8171 0x000001cf187f6210 code [0x000001cf187f63a0, 0x000001cf187f6478]
Event: 3.338 Thread 0x000001cf2c2bf5a0 8172   !   3       sun.nio.fs.WindowsNativeDispatcher::GetFileSecurity (38 bytes)
Event: 3.338 Thread 0x000001cf2c2bf5a0 nmethod 8172 0x000001cf118c2910 code [0x000001cf118c2b00, 0x000001cf118c2e18]
Event: 3.339 Thread 0x000001cf2c2bf5a0 8174   !   3       sun.nio.fs.WindowsLinkSupport::getFinalPath (175 bytes)
Event: 3.340 Thread 0x000001cf2c2bf5a0 nmethod 8174 0x000001cf118c3090 code [0x000001cf118c33e0, 0x000001cf118c4788]
Event: 3.340 Thread 0x000001cf2c7be2d0 nmethod 8129 0x000001cf187f6910 code [0x000001cf187f6b80, 0x000001cf187f7730]
Event: 3.340 Thread 0x000001cf2c7be2d0 8139       4       java.util.HashSet::iterator (13 bytes)
Event: 3.341 Thread 0x000001cf2c2bf5a0 8175       1       sun.nio.fs.WindowsNativeDispatcher$VolumeInformation::volumeName (5 bytes)
Event: 3.341 Thread 0x000001cf2c2bf5a0 nmethod 8175 0x000001cf187f7e90 code [0x000001cf187f8020, 0x000001cf187f80f8]
Event: 3.341 Thread 0x000001cf2c2bf5a0 8176       3       java.util.Collections$SingletonMap::containsKey (9 bytes)
Event: 3.341 Thread 0x000001cf2c2bf5a0 nmethod 8176 0x000001cf118c4e90 code [0x000001cf118c5040, 0x000001cf118c5328]
Event: 3.344 Thread 0x000001cf2c2bf5a0 8177 %     3       sun.nio.fs.WindowsPath::compareTo @ 49 (118 bytes)
Event: 3.345 Thread 0x000001cf2c7be2d0 nmethod 8139 0x000001cf187f8190 code [0x000001cf187f8340, 0x000001cf187f8a58]
Event: 3.345 Thread 0x000001cf2c7be2d0 8140       4       java.util.LinkedHashMap$LinkedKeySet::iterator (12 bytes)
Event: 3.345 Thread 0x000001cf2c2bf5a0 nmethod 8177% 0x000001cf118c5410 code [0x000001cf118c5740, 0x000001cf118c6d68]
Event: 3.346 Thread 0x000001cf2c7be2d0 nmethod 8140 0x000001cf187f8d90 code [0x000001cf187f8f20, 0x000001cf187f90f8]
Event: 3.346 Thread 0x000001cf2c7be2d0 8134       4       com.sun.tools.javac.jvm.PoolReader::resolve (344 bytes)
Event: 3.399 Thread 0x000001cf2c2bf5a0 8181       3       java.util.HashMap$Values::forEach (119 bytes)
Event: 3.400 Thread 0x000001cf2c2bf5a0 nmethod 8181 0x000001cf118c7710 code [0x000001cf118c7900, 0x000001cf118c7f48]

GC Heap History (18 events):
Event: 0.315 GC heap before
{Heap before GC invocations=0 (full 0):
 garbage-first heap   total 260096K, used 22528K [0x0000000702e00000, 0x0000000800000000)
  region size 2048K, 11 young (22528K), 0 survivors (0K)
 Metaspace       used 5140K, committed 5312K, reserved 1114112K
  class space    used 616K, committed 704K, reserved 1048576K
}
Event: 0.318 GC heap after
{Heap after GC invocations=1 (full 0):
 garbage-first heap   total 260096K, used 3727K [0x0000000702e00000, 0x0000000800000000)
  region size 2048K, 2 young (4096K), 2 survivors (4096K)
 Metaspace       used 5140K, committed 5312K, reserved 1114112K
  class space    used 616K, committed 704K, reserved 1048576K
}
Event: 0.614 GC heap before
{Heap before GC invocations=1 (full 0):
 garbage-first heap   total 260096K, used 34447K [0x0000000702e00000, 0x0000000800000000)
  region size 2048K, 17 young (34816K), 2 survivors (4096K)
 Metaspace       used 9861K, committed 10112K, reserved 1114112K
  class space    used 1220K, committed 1344K, reserved 1048576K
}
Event: 0.617 GC heap after
{Heap after GC invocations=2 (full 0):
 garbage-first heap   total 260096K, used 5711K [0x0000000702e00000, 0x0000000800000000)
  region size 2048K, 2 young (4096K), 2 survivors (4096K)
 Metaspace       used 9861K, committed 10112K, reserved 1114112K
  class space    used 1220K, committed 1344K, reserved 1048576K
}
Event: 1.693 GC heap before
{Heap before GC invocations=2 (full 0):
 garbage-first heap   total 260096K, used 149071K [0x0000000702e00000, 0x0000000800000000)
  region size 2048K, 71 young (145408K), 2 survivors (4096K)
 Metaspace       used 21228K, committed 21504K, reserved 1114112K
  class space    used 2515K, committed 2688K, reserved 1048576K
}
Event: 1.700 GC heap after
{Heap after GC invocations=3 (full 0):
 garbage-first heap   total 260096K, used 23521K [0x0000000702e00000, 0x0000000800000000)
  region size 2048K, 8 young (16384K), 8 survivors (16384K)
 Metaspace       used 21228K, committed 21504K, reserved 1114112K
  class space    used 2515K, committed 2688K, reserved 1048576K
}
Event: 2.016 GC heap before
{Heap before GC invocations=4 (full 0):
 garbage-first heap   total 90112K, used 64481K [0x0000000702e00000, 0x0000000800000000)
  region size 2048K, 28 young (57344K), 8 survivors (16384K)
 Metaspace       used 25470K, committed 25728K, reserved 1114112K
  class space    used 2960K, committed 3072K, reserved 1048576K
}
Event: 2.030 GC heap after
{Heap after GC invocations=5 (full 0):
 garbage-first heap   total 98304K, used 36571K [0x0000000702e00000, 0x0000000800000000)
  region size 2048K, 4 young (8192K), 4 survivors (8192K)
 Metaspace       used 25470K, committed 25728K, reserved 1114112K
  class space    used 2960K, committed 3072K, reserved 1048576K
}
Event: 2.041 GC heap before
{Heap before GC invocations=5 (full 0):
 garbage-first heap   total 98304K, used 38619K [0x0000000702e00000, 0x0000000800000000)
  region size 2048K, 5 young (10240K), 4 survivors (8192K)
 Metaspace       used 25515K, committed 25792K, reserved 1114112K
  class space    used 2968K, committed 3136K, reserved 1048576K
}
Event: 2.045 GC heap after
{Heap after GC invocations=6 (full 0):
 garbage-first heap   total 98304K, used 39337K [0x0000000702e00000, 0x0000000800000000)
  region size 2048K, 1 young (2048K), 1 survivors (2048K)
 Metaspace       used 25515K, committed 25792K, reserved 1114112K
  class space    used 2968K, committed 3136K, reserved 1048576K
}
Event: 2.231 GC heap before
{Heap before GC invocations=6 (full 0):
 garbage-first heap   total 98304K, used 68009K [0x0000000702e00000, 0x0000000800000000)
  region size 2048K, 15 young (30720K), 1 survivors (2048K)
 Metaspace       used 26465K, committed 26816K, reserved 1114112K
  class space    used 3040K, committed 3200K, reserved 1048576K
}
Event: 2.237 GC heap after
{Heap after GC invocations=7 (full 0):
 garbage-first heap   total 98304K, used 43958K [0x0000000702e00000, 0x0000000800000000)
  region size 2048K, 2 young (4096K), 2 survivors (4096K)
 Metaspace       used 26465K, committed 26816K, reserved 1114112K
  class space    used 3040K, committed 3200K, reserved 1048576K
}
Event: 2.442 GC heap before
{Heap before GC invocations=7 (full 0):
 garbage-first heap   total 98304K, used 68534K [0x0000000702e00000, 0x0000000800000000)
  region size 2048K, 15 young (30720K), 2 survivors (4096K)
 Metaspace       used 27805K, committed 28160K, reserved 1114112K
  class space    used 3195K, committed 3328K, reserved 1048576K
}
Event: 2.446 GC heap after
{Heap after GC invocations=8 (full 0):
 garbage-first heap   total 98304K, used 45457K [0x0000000702e00000, 0x0000000800000000)
  region size 2048K, 1 young (2048K), 1 survivors (2048K)
 Metaspace       used 27805K, committed 28160K, reserved 1114112K
  class space    used 3195K, committed 3328K, reserved 1048576K
}
Event: 2.590 GC heap before
{Heap before GC invocations=8 (full 0):
 garbage-first heap   total 98304K, used 72081K [0x0000000702e00000, 0x0000000800000000)
  region size 2048K, 14 young (28672K), 1 survivors (2048K)
 Metaspace       used 28488K, committed 28800K, reserved 1114112K
  class space    used 3261K, committed 3392K, reserved 1048576K
}
Event: 2.593 GC heap after
{Heap after GC invocations=9 (full 0):
 garbage-first heap   total 196608K, used 46133K [0x0000000702e00000, 0x0000000800000000)
  region size 2048K, 1 young (2048K), 1 survivors (2048K)
 Metaspace       used 28488K, committed 28800K, reserved 1114112K
  class space    used 3261K, committed 3392K, reserved 1048576K
}
Event: 3.030 GC heap before
{Heap before GC invocations=10 (full 0):
 garbage-first heap   total 178176K, used 140341K [0x0000000702e00000, 0x0000000800000000)
  region size 2048K, 47 young (96256K), 1 survivors (2048K)
 Metaspace       used 30229K, committed 30592K, reserved 1114112K
  class space    used 3429K, committed 3584K, reserved 1048576K
}
Event: 3.034 GC heap after
{Heap after GC invocations=11 (full 0):
 garbage-first heap   total 178176K, used 48175K [0x0000000702e00000, 0x0000000800000000)
  region size 2048K, 2 young (4096K), 2 survivors (4096K)
 Metaspace       used 30229K, committed 30592K, reserved 1114112K
  class space    used 3429K, committed 3584K, reserved 1048576K
}

Deoptimization events (20 events):
Event: 3.272 Thread 0x000001cf090527f0 DEOPT PACKING pc=0x000001cf186dcaa4 sp=0x0000004aa5dfc970
Event: 3.272 Thread 0x000001cf090527f0 DEOPT UNPACKING pc=0x000001cf17e923a3 sp=0x0000004aa5dfc820 mode 2
Event: 3.272 Thread 0x000001cf090527f0 Uncommon trap: trap_request=0xffffffde fr.pc=0x000001cf186dcaa4 relative=0x00000000000066a4
Event: 3.272 Thread 0x000001cf090527f0 Uncommon trap: reason=class_check action=maybe_recompile pc=0x000001cf186dcaa4 method=jdk.nio.zipfs.ZipFileSystem.getInode([B)Ljdk/nio/zipfs/ZipFileSystem$IndexNode; @ 9 c2
Event: 3.272 Thread 0x000001cf090527f0 DEOPT PACKING pc=0x000001cf186dcaa4 sp=0x0000004aa5dfc8e0
Event: 3.272 Thread 0x000001cf090527f0 DEOPT UNPACKING pc=0x000001cf17e923a3 sp=0x0000004aa5dfc790 mode 2
Event: 3.272 Thread 0x000001cf090527f0 Uncommon trap: trap_request=0xffffffde fr.pc=0x000001cf186dcaa4 relative=0x00000000000066a4
Event: 3.272 Thread 0x000001cf090527f0 Uncommon trap: reason=class_check action=maybe_recompile pc=0x000001cf186dcaa4 method=jdk.nio.zipfs.ZipFileSystem.getInode([B)Ljdk/nio/zipfs/ZipFileSystem$IndexNode; @ 9 c2
Event: 3.272 Thread 0x000001cf090527f0 DEOPT PACKING pc=0x000001cf186dcaa4 sp=0x0000004aa5dfc850
Event: 3.272 Thread 0x000001cf090527f0 DEOPT UNPACKING pc=0x000001cf17e923a3 sp=0x0000004aa5dfc700 mode 2
Event: 3.272 Thread 0x000001cf090527f0 Uncommon trap: trap_request=0xffffffde fr.pc=0x000001cf186dcaa4 relative=0x00000000000066a4
Event: 3.272 Thread 0x000001cf090527f0 Uncommon trap: reason=class_check action=maybe_recompile pc=0x000001cf186dcaa4 method=jdk.nio.zipfs.ZipFileSystem.getInode([B)Ljdk/nio/zipfs/ZipFileSystem$IndexNode; @ 9 c2
Event: 3.272 Thread 0x000001cf090527f0 DEOPT PACKING pc=0x000001cf186dcaa4 sp=0x0000004aa5dfc7c0
Event: 3.272 Thread 0x000001cf090527f0 DEOPT UNPACKING pc=0x000001cf17e923a3 sp=0x0000004aa5dfc670 mode 2
Event: 3.326 Thread 0x000001cf090527f0 DEOPT PACKING pc=0x000001cf1187bce7 sp=0x0000004aa5dfc3e0
Event: 3.326 Thread 0x000001cf090527f0 DEOPT UNPACKING pc=0x000001cf17e92b43 sp=0x0000004aa5dfb970 mode 0
Event: 3.361 Thread 0x000001cf090527f0 DEOPT PACKING pc=0x000001cf1187bce7 sp=0x0000004aa5dfc380
Event: 3.361 Thread 0x000001cf090527f0 DEOPT UNPACKING pc=0x000001cf17e92b43 sp=0x0000004aa5dfb910 mode 0
Event: 3.398 Thread 0x000001cf090527f0 DEOPT PACKING pc=0x000001cf1187bce7 sp=0x0000004aa5dfc380
Event: 3.398 Thread 0x000001cf090527f0 DEOPT UNPACKING pc=0x000001cf17e92b43 sp=0x0000004aa5dfb910 mode 0

Classes unloaded (0 events):
No events

Classes redefined (0 events):
No events

Internal exceptions (20 events):
Event: 3.138 Thread 0x000001cf090527f0 Exception <a 'sun/nio/fs/WindowsException'{0x000000070c7cd918}> (0x000000070c7cd918) 
thrown [s\open\src\hotspot\share\prims\jni.cpp, line 516]
Event: 3.174 Thread 0x000001cf090527f0 Exception <a 'sun/nio/fs/WindowsException'{0x000000070c5fd5a0}> (0x000000070c5fd5a0) 
thrown [s\open\src\hotspot\share\prims\jni.cpp, line 516]
Event: 3.174 Thread 0x000001cf090527f0 Exception <a 'sun/nio/fs/WindowsException'{0x000000070c5fdc30}> (0x000000070c5fdc30) 
thrown [s\open\src\hotspot\share\prims\jni.cpp, line 516]
Event: 3.176 Thread 0x000001cf090527f0 Exception <a 'sun/nio/fs/WindowsException'{0x000000070c215268}> (0x000000070c215268) 
thrown [s\open\src\hotspot\share\prims\jni.cpp, line 516]
Event: 3.232 Thread 0x000001cf090527f0 Exception <a 'sun/nio/fs/WindowsException'{0x000000070bb0b7f0}> (0x000000070bb0b7f0) 
thrown [s\open\src\hotspot\share\prims\jni.cpp, line 516]
Event: 3.232 Thread 0x000001cf090527f0 Exception <a 'sun/nio/fs/WindowsException'{0x000000070bb0bb20}> (0x000000070bb0bb20) 
thrown [s\open\src\hotspot\share\prims\jni.cpp, line 516]
Event: 3.232 Thread 0x000001cf090527f0 Implicit null exception at 0x000001cf184098f1 to 0x000001cf18409d48
Event: 3.233 Thread 0x000001cf090527f0 Exception <a 'sun/nio/fs/WindowsException'{0x000000070bb98358}> (0x000000070bb98358) 
thrown [s\open\src\hotspot\share\prims\jni.cpp, line 516]
Event: 3.233 Thread 0x000001cf090527f0 Exception <a 'sun/nio/fs/WindowsException'{0x000000070bb98588}> (0x000000070bb98588) 
thrown [s\open\src\hotspot\share\prims\jni.cpp, line 516]
Event: 3.264 Thread 0x000001cf090527f0 Exception <a 'sun/nio/fs/WindowsException'{0x000000070b2c7288}> (0x000000070b2c7288) 
thrown [s\open\src\hotspot\share\prims\jni.cpp, line 516]
Event: 3.264 Thread 0x000001cf090527f0 Exception <a 'sun/nio/fs/WindowsException'{0x000000070b2c75e8}> (0x000000070b2c75e8) 
thrown [s\open\src\hotspot\share\prims\jni.cpp, line 516]
Event: 3.264 Thread 0x000001cf090527f0 Exception <a 'sun/nio/fs/WindowsException'{0x000000070b2c8758}> (0x000000070b2c8758) 
thrown [s\open\src\hotspot\share\prims\jni.cpp, line 516]
Event: 3.264 Thread 0x000001cf090527f0 Exception <a 'sun/nio/fs/WindowsException'{0x000000070b2c8b78}> (0x000000070b2c8b78) 
thrown [s\open\src\hotspot\share\prims\jni.cpp, line 516]
Event: 3.264 Thread 0x000001cf090527f0 Exception <a 'sun/nio/fs/WindowsException'{0x000000070b2c9d80}> (0x000000070b2c9d80) 
thrown [s\open\src\hotspot\share\prims\jni.cpp, line 516]
Event: 3.264 Thread 0x000001cf090527f0 Exception <a 'sun/nio/fs/WindowsException'{0x000000070b2ca108}> (0x000000070b2ca108) 
thrown [s\open\src\hotspot\share\prims\jni.cpp, line 516]
Event: 3.400 Thread 0x000001cf090527f0 Exception <a 'sun/nio/fs/WindowsException'{0x0000000709062338}> (0x0000000709062338) 
thrown [s\open\src\hotspot\share\prims\jni.cpp, line 516]
Event: 3.400 Thread 0x000001cf090527f0 Exception <a 'sun/nio/fs/WindowsException'{0x0000000709062748}> (0x0000000709062748) 
thrown [s\open\src\hotspot\share\prims\jni.cpp, line 516]
Event: 3.400 Thread 0x000001cf090527f0 Exception <a 'sun/nio/fs/WindowsException'{0x0000000709063700}> (0x0000000709063700) 
thrown [s\open\src\hotspot\share\prims\jni.cpp, line 516]
Event: 3.400 Thread 0x000001cf090527f0 Exception <a 'sun/nio/fs/WindowsException'{0x000000070906a128}> (0x000000070906a128) 
thrown [s\open\src\hotspot\share\prims\jni.cpp, line 516]
Event: 3.400 Thread 0x000001cf090527f0 Exception <a 'sun/nio/fs/WindowsException'{0x000000070906a4c8}> (0x000000070906a4c8) 
thrown [s\open\src\hotspot\share\prims\jni.cpp, line 516]

VM Operations (20 events):
Event: 2.943 Executing VM operation: ICBufferFull
Event: 2.943 Executing VM operation: ICBufferFull done
Event: 2.944 Executing VM operation: HandshakeAllThreads
Event: 2.945 Executing VM operation: HandshakeAllThreads done
Event: 2.945 Executing VM operation: HandshakeAllThreads
Event: 2.945 Executing VM operation: HandshakeAllThreads done
Event: 2.953 Executing VM operation: HandshakeAllThreads
Event: 2.953 Executing VM operation: HandshakeAllThreads done
Event: 2.983 Executing VM operation: ICBufferFull
Event: 2.984 Executing VM operation: ICBufferFull done
Event: 3.030 Executing VM operation: G1CollectForAllocation
Event: 3.034 Executing VM operation: G1CollectForAllocation done
Event: 3.078 Executing VM operation: ICBufferFull
Event: 3.078 Executing VM operation: ICBufferFull done
Event: 3.088 Executing VM operation: HandshakeAllThreads
Event: 3.089 Executing VM operation: HandshakeAllThreads done
Event: 3.095 Executing VM operation: ICBufferFull
Event: 3.095 Executing VM operation: ICBufferFull done
Event: 3.166 Executing VM operation: ICBufferFull
Event: 3.166 Executing VM operation: ICBufferFull done

Events (20 events):
Event: 2.868 loading class java/util/EnumMap$EntryIterator done
Event: 2.868 loading class java/util/EnumMap$EntryIterator$Entry
Event: 2.868 loading class java/util/EnumMap$EntryIterator$Entry done
Event: 3.080 loading class java/util/stream/ReduceOps$2
Event: 3.080 loading class java/util/stream/ReduceOps$2 done
Event: 3.080 loading class java/util/stream/ReduceOps$2ReducingSink
Event: 3.080 loading class java/util/stream/ReduceOps$2ReducingSink done
Event: 3.092 Thread 0x000001cf2c2c1ee0 flushing nmethod 0x000001cf10dd7190
Event: 3.094 Thread 0x000001cf2c2c1ee0 flushing nmethod 0x000001cf11341f90
Event: 3.094 Thread 0x000001cf2c2c1ee0 flushing nmethod 0x000001cf1134ae90
Event: 3.119 loading class java/io/DataOutputStream
Event: 3.119 loading class java/io/DataOutputStream done
Event: 3.139 loading class java/util/EnumMap$Values
Event: 3.139 loading class java/util/EnumMap$Values done
Event: 3.139 loading class java/util/EnumMap$ValueIterator
Event: 3.139 loading class java/util/EnumMap$ValueIterator done
Event: 3.140 loading class java/util/WeakHashMap$KeyIterator
Event: 3.140 loading class java/util/WeakHashMap$KeyIterator done
Event: 3.142 loading class java/text/MessageFormat$Field
Event: 3.142 loading class java/text/MessageFormat$Field done


Dynamic libraries:
0x00007ff7ff800000 - 0x00007ff7ff810000 	C:\Program Files\Java\jdk-17\bin\java.exe
0x00007ff8f6010000 - 0x00007ff8f6227000 	C:\WINDOWS\SYSTEM32\ntdll.dll
0x00007ff8f5ac0000 - 0x00007ff8f5b84000 	C:\WINDOWS\System32\KERNEL32.DLL
0x00007ff8f34e0000 - 0x00007ff8f389a000 	C:\WINDOWS\System32\KERNELBASE.dll
0x00007ff8f32d0000 - 0x00007ff8f33e1000 	C:\WINDOWS\System32\ucrtbase.dll
0x00007ff8ed160000 - 0x00007ff8ed17b000 	C:\Program Files\Java\jdk-17\bin\VCRUNTIME140.dll
0x00007ff8ed120000 - 0x00007ff8ed139000 	C:\Program Files\Java\jdk-17\bin\jli.dll
0x00007ff8f5b90000 - 0x00007ff8f5c42000 	C:\WINDOWS\System32\ADVAPI32.dll
0x00007ff8f58e0000 - 0x00007ff8f5987000 	C:\WINDOWS\System32\msvcrt.dll
0x00007ff8f5a10000 - 0x00007ff8f5ab7000 	C:\WINDOWS\System32\sechost.dll
0x00007ff8f3c50000 - 0x00007ff8f3c78000 	C:\WINDOWS\System32\bcrypt.dll
0x00007ff8f4610000 - 0x00007ff8f4724000 	C:\WINDOWS\System32\RPCRT4.dll
0x00007ff8f5730000 - 0x00007ff8f58de000 	C:\WINDOWS\System32\USER32.dll
0x00007ff8f33f0000 - 0x00007ff8f3416000 	C:\WINDOWS\System32\win32u.dll
0x00007ff8e7010000 - 0x00007ff8e72a2000 	C:\WINDOWS\WinSxS\amd64_microsoft.windows.common-controls_6595b64144ccf1df_6.0.22621.4541_none_2710d1c57384c085\COMCTL32.dll
0x00007ff8f45e0000 - 0x00007ff8f4609000 	C:\WINDOWS\System32\GDI32.dll
0x00007ff8f3a10000 - 0x00007ff8f3b2b000 	C:\WINDOWS\System32\gdi32full.dll
0x00007ff8f3b30000 - 0x00007ff8f3bca000 	C:\WINDOWS\System32\msvcp_win.dll
0x00007ff8ecbb0000 - 0x00007ff8ecbba000 	C:\WINDOWS\SYSTEM32\VERSION.dll
0x00007ff8f5f90000 - 0x00007ff8f5fc1000 	C:\WINDOWS\System32\IMM32.DLL
0x00007ff8ee6f0000 - 0x00007ff8ee6fc000 	C:\Program Files\Java\jdk-17\bin\vcruntime140_1.dll
0x00007ff8e3850000 - 0x00007ff8e38de000 	C:\Program Files\Java\jdk-17\bin\msvcp140.dll
0x00007ff8366c0000 - 0x00007ff8372a0000 	C:\Program Files\Java\jdk-17\bin\server\jvm.dll
0x00007ff8f5a00000 - 0x00007ff8f5a08000 	C:\WINDOWS\System32\PSAPI.DLL
0x00007ff8ef6c0000 - 0x00007ff8ef6f4000 	C:\WINDOWS\SYSTEM32\WINMM.dll
0x00007ff8c7f10000 - 0x00007ff8c7f19000 	C:\WINDOWS\SYSTEM32\WSOCK32.dll
0x00007ff8f53b0000 - 0x00007ff8f5421000 	C:\WINDOWS\System32\WS2_32.dll
0x00007ff8f2400000 - 0x00007ff8f2418000 	C:\WINDOWS\SYSTEM32\kernel.appcore.dll
0x00007ff8ee6d0000 - 0x00007ff8ee6da000 	C:\Program Files\Java\jdk-17\bin\jimage.dll
0x00007ff8e8dd0000 - 0x00007ff8e9002000 	C:\WINDOWS\SYSTEM32\DBGHELP.DLL
0x00007ff8f3db0000 - 0x00007ff8f4141000 	C:\WINDOWS\System32\combase.dll
0x00007ff8f5e60000 - 0x00007ff8f5f37000 	C:\WINDOWS\System32\OLEAUT32.dll
0x00007ff8ca730000 - 0x00007ff8ca762000 	C:\WINDOWS\SYSTEM32\dbgcore.DLL
0x00007ff8f3c80000 - 0x00007ff8f3cfb000 	C:\WINDOWS\System32\bcryptPrimitives.dll
0x00007ff8e3a40000 - 0x00007ff8e3a65000 	C:\Program Files\Java\jdk-17\bin\java.dll
0x00007ff8b6280000 - 0x00007ff8b6357000 	C:\Program Files\Java\jdk-17\bin\jsvml.dll
0x00007ff8f49f0000 - 0x00007ff8f5269000 	C:\WINDOWS\System32\SHELL32.dll
0x00007ff8f1220000 - 0x00007ff8f1b29000 	C:\WINDOWS\SYSTEM32\windows.storage.dll
0x00007ff8f10e0000 - 0x00007ff8f121f000 	C:\WINDOWS\SYSTEM32\wintypes.dll
0x00007ff8f55a0000 - 0x00007ff8f569a000 	C:\WINDOWS\System32\SHCORE.dll
0x00007ff8f5c50000 - 0x00007ff8f5cae000 	C:\WINDOWS\System32\shlwapi.dll
0x00007ff8f3200000 - 0x00007ff8f322b000 	C:\WINDOWS\SYSTEM32\profapi.dll
0x00007ff8e3a20000 - 0x00007ff8e3a39000 	C:\Program Files\Java\jdk-17\bin\net.dll
0x00007ff8ef560000 - 0x00007ff8ef696000 	C:\WINDOWS\SYSTEM32\WINHTTP.dll
0x00007ff8f2880000 - 0x00007ff8f28e9000 	C:\WINDOWS\system32\mswsock.dll
0x00007ff8e39b0000 - 0x00007ff8e39c6000 	C:\Program Files\Java\jdk-17\bin\nio.dll
0x00007ff8da5d0000 - 0x00007ff8da5e8000 	C:\Program Files\Java\jdk-17\bin\zip.dll
0x0000000069ac0000 - 0x0000000069ae4000 	C:\Program Files\Java\apache-maven-3.9.1\lib\jansi-native\Windows\x86_64\jansi.dll
0x00007ff8ed150000 - 0x00007ff8ed160000 	C:\Program Files\Java\jdk-17\bin\verify.dll
0x00007ff8f2510000 - 0x00007ff8f2544000 	C:\WINDOWS\SYSTEM32\ntmarta.dll

dbghelp: loaded successfully - version: 4.0.5 - missing functions: none
symbol engine: initialized successfully - sym options: 0x614 - pdb path: .;C:\Program Files\Java\jdk-17\bin;C:\WINDOWS\SYSTEM32;C:\WINDOWS\WinSxS\amd64_microsoft.windows.common-controls_6595b64144ccf1df_6.0.22621.4541_none_2710d1c57384c085;C:\Program Files\Java\jdk-17\bin\server;C:\Program Files\Java\apache-maven-3.9.1\lib\jansi-native\Windows\x86_64

VM Arguments:
jvm_args: -Dclassworlds.conf=C:\Program Files\Java\apache-maven-3.9.1\bin\m2.conf -Dmaven.home=C:\Program Files\Java\apache-maven-3.9.1 -Dlibrary.jansi.path=C:\Program Files\Java\apache-maven-3.9.1\lib\jansi-native -Dmaven.multiModuleProjectDirectory=C:\Users\Claudia\Documents\c23-63-webapp\social_media-backend 
java_command: org.codehaus.plexus.classworlds.launcher.Launcher clean install
java_class_path (initial): C:\Program Files\Java\apache-maven-3.9.1\boot\plexus-classworlds-2.6.0.jar
Launcher Type: SUN_STANDARD

[Global flags]
     intx CICompilerCount                          = 4                                         {product} {ergonomic}
     uint ConcGCThreads                            = 3                                         {product} {ergonomic}
     uint G1ConcRefinementThreads                  = 10                                        {product} {ergonomic}
   size_t G1HeapRegionSize                         = 2097152                                   {product} {ergonomic}
    uintx GCDrainStackTargetSize                   = 64                                        {product} {ergonomic}
   size_t InitialHeapSize                          = 266338304                                 {product} {ergonomic}
   size_t MarkStackSize                            = 4194304                                   {product} {ergonomic}
   size_t MaxHeapSize                              = 4246732800                                {product} {ergonomic}
   size_t MaxNewSize                               = 2548039680                                {product} {ergonomic}
   size_t MinHeapDeltaBytes                        = 2097152                                   {product} {ergonomic}
   size_t MinHeapSize                              = 8388608                                   {product} {ergonomic}
    uintx NonNMethodCodeHeapSize                   = 5839372                                {pd product} {ergonomic}
    uintx NonProfiledCodeHeapSize                  = 122909434                              {pd product} {ergonomic}
    uintx ProfiledCodeHeapSize                     = 122909434                              {pd product} {ergonomic}
    uintx ReservedCodeCacheSize                    = 251658240                              {pd product} {ergonomic}
     bool SegmentedCodeCache                       = true                                      {product} {ergonomic}
   size_t SoftMaxHeapSize                          = 4246732800                             {manageable} {ergonomic}
     bool UseCompressedClassPointers               = true                           {product lp64_product} {ergonomic}
     bool UseCompressedOops                        = true                           {product lp64_product} {ergonomic}
     bool UseG1GC                                  = true                                      {product} {ergonomic}
     bool UseLargePagesIndividualAllocation        = false                                  {pd product} {ergonomic}

Logging:
Log output configuration:
 #0: stdout all=warning uptime,level,tags
 #1: stderr all=off uptime,level,tags

Environment Variables:
PATH=C:\Program Files\Common Files\Oracle\Java\javapath;C:\Program Files (x86)\Common Files\Oracle\Java\java8path;C:\Program Files (x86)\Common Files\Oracle\Java\javapath;C:\Windows\system32;C:\Windows;C:\Windows\System32\Wbem;C:\Windows\System32\WindowsPowerShell\v1.0\;C:\Windows\System32\OpenSSH\;C:\Program Files (x86)\NVIDIA Corporation\PhysX\Common;C:\Program Files\NVIDIA Corporation\NVIDIA NvDLISR;C:\Program Files\Git\cmd;C:\WINDOWS\system32;C:\WINDOWS;C:\WINDOWS\System32\Wbem;C:\WINDOWS\System32\WindowsPowerShell\v1.0\;C:\WINDOWS\System32\OpenSSH\;C:\Program Files\Java\apache-maven-3.9.1\bin\;C:\Program Files (x86)\PuTTY\;C:\Program Files\nodejs\;C:\Users\Claudia\AppData\Local\Microsoft\WindowsApps;C:\Users\Claudia\AppData\Local\Programs\Microsoft VS Code\bin;C:\Users\Claudia\AppData\Roaming\npm;C:\Users\Claudia\nasm-2.16.02rc5;C:\Users\Claudia\mingw64\bin;
USERNAME=Claudia
OS=Windows_NT
PROCESSOR_IDENTIFIER=Intel64 Family 6 Model 151 Stepping 2, GenuineIntel



---------------  S Y S T E M  ---------------

OS:
 Windows 11 , 64 bit Build 22621 (10.0.22621.4391)
OS uptime: 0 days 1:09 hours

CPU: total 12 (initial active 12) (6 cores per cpu, 2 threads per core) family 6 model 151 stepping 2 microcode 0xf, cx8, cmov, fxsr, ht, mmx, 3dnowpref, sse, sse2, sse3, ssse3, sse4.1, sse4.2, popcnt, lzcnt, tsc, tscinvbit, avx, avx2, aes, erms, clmul, bmi1, bmi2, adx, sha, fma, vzeroupper, clflush, clflushopt, clwb

Memory: 4k page, system-wide physical 16193M (4288M free)
TotalPageFile size 26433M (AvailPageFile size 10363M)
current process WorkingSet (physical memory assigned to process): 360M, peak: 366M
current process commit charge ("private bytes"): 398M, peak: 421M

vm_info: Java HotSpot(TM) 64-Bit Server VM (17.0.12+8-LTS-286) for windows-amd64 JRE (17.0.12+8-LTS-286), built on Jun  5 2024 06:46:59 by "mach5one" with MS VC++ 17.6 (VS2022)

END.
